0 verbose cli C:\Program Files\nodejs\node.exe C:\ProgramData\npm\npm\node_modules\npm\bin\npm-cli.js
1 info using npm@11.6.4
2 info using node@v24.11.1
3 silly config load:file:C:\ProgramData\npm\npm\node_modules\npm\npmrc
4 silly config load:file:C:\Users\mdans.LAPTOP-U6EG5CI8\.npmrc
5 silly config load:file:C:\Users\mdans.LAPTOP-U6EG5CI8\AppData\Roaming\npm\etc\npmrc
6 verbose title npm install express
7 verbose argv "install" "express"
8 verbose logfile logs-max:10 dir:C:\Users\mdans.LAPTOP-U6EG5CI8\OneDrive\Desktop\smartinternz\server\Users\mdans.LAPTOP-U6EG5CI8\npm-cache\_logs\2026-01-29T09_32_11_889Z-
9 verbose logfile C:\Users\mdans.LAPTOP-U6EG5CI8\OneDrive\Desktop\smartinternz\server\Users\mdans.LAPTOP-U6EG5CI8\npm-cache\_logs\2026-01-29T09_32_11_889Z-debug-0.log
10 silly logfile done cleaning log files
11 silly packumentCache heap:2348810240 maxSize:587202560 maxEntrySize:293601280
12 silly idealTree buildDeps
13 silly fetch manifest express@*
14 silly packumentCache full:https://registry.npmjs.org/express cache-miss
15 http fetch GET 200 https://registry.npmjs.org/express 2163ms (cache miss)
16 silly packumentCache full:https://registry.npmjs.org/express set size:undefined disposed:false
17 silly placeDep ROOT express@5.2.1 OK for:  want: *
18 silly fetch manifest qs@^6.14.0
19 silly packumentCache full:https://registry.npmjs.org/qs cache-miss
20 silly fetch manifest depd@^2.0.0
21 silly packumentCache full:https://registry.npmjs.org/depd cache-miss
22 silly fetch manifest etag@^1.8.1
23 silly packumentCache full:https://registry.npmjs.org/etag cache-miss
24 silly fetch manifest once@^1.4.0
25 silly packumentCache full:https://registry.npmjs.org/once cache-miss
26 silly fetch manifest send@^1.1.0
27 silly packumentCache full:https://registry.npmjs.org/send cache-miss
28 silly fetch manifest vary@^1.1.2
29 silly packumentCache full:https://registry.npmjs.org/vary cache-miss
30 silly fetch manifest debug@^4.4.0
31 silly packumentCache full:https://registry.npmjs.org/debug cache-miss
32 silly fetch manifest fresh@^2.0.0
33 silly packumentCache full:https://registry.npmjs.org/fresh cache-miss
34 silly fetch manifest cookie@^0.7.1
35 silly packumentCache full:https://registry.npmjs.org/cookie cache-miss
36 silly fetch manifest router@^2.2.0
37 silly packumentCache full:https://registry.npmjs.org/router cache-miss
38 silly fetch manifest accepts@^2.0.0
39 silly packumentCache full:https://registry.npmjs.org/accepts cache-miss
40 http fetch GET 200 https://registry.npmjs.org/qs 119ms (cache miss)
41 silly packumentCache full:https://registry.npmjs.org/qs set size:undefined disposed:false
42 silly fetch manifest type-is@^2.0.1
43 silly packumentCache full:https://registry.npmjs.org/type-is cache-miss
44 http fetch GET 200 https://registry.npmjs.org/type-is 100ms (cache miss)
45 silly packumentCache full:https://registry.npmjs.org/type-is set size:undefined disposed:false
46 silly fetch manifest parseurl@^1.3.3
47 silly packumentCache full:https://registry.npmjs.org/parseurl cache-miss
48 http fetch GET 200 https://registry.npmjs.org/depd 294ms (cache miss)
49 silly packumentCache full:https://registry.npmjs.org/depd set size:undefined disposed:false
50 silly fetch manifest statuses@^2.0.1
51 silly packumentCache full:https://registry.npmjs.org/statuses cache-miss
52 http fetch GET 200 https://registry.npmjs.org/fresh 319ms (cache miss)
53 silly packumentCache full:https://registry.npmjs.org/fresh set size:undefined disposed:false
54 silly fetch manifest encodeurl@^2.0.0
55 silly packumentCache full:https://registry.npmjs.org/encodeurl cache-miss
56 http fetch GET 200 https://registry.npmjs.org/send 326ms (cache miss)
57 silly packumentCache full:https://registry.npmjs.org/send set size:undefined disposed:false
58 silly fetch manifest mime-types@^3.0.0
59 silly packumentCache full:https://registry.npmjs.org/mime-types cache-miss
60 http fetch GET 200 https://registry.npmjs.org/cookie 332ms (cache miss)
61 silly packumentCache full:https://registry.npmjs.org/cookie set size:undefined disposed:false
62 silly fetch manifest proxy-addr@^2.0.7
63 silly packumentCache full:https://registry.npmjs.org/proxy-addr cache-miss
64 http fetch GET 200 https://registry.npmjs.org/vary 342ms (cache miss)
65 silly packumentCache full:https://registry.npmjs.org/vary set size:undefined disposed:false
66 silly fetch manifest body-parser@^2.2.1
67 silly packumentCache full:https://registry.npmjs.org/body-parser cache-miss
68 http fetch GET 200 https://registry.npmjs.org/once 350ms (cache miss)
69 silly packumentCache full:https://registry.npmjs.org/once set size:undefined disposed:false
70 silly fetch manifest escape-html@^1.0.3
71 silly packumentCache full:https://registry.npmjs.org/escape-html cache-miss
72 http fetch GET 200 https://registry.npmjs.org/router 346ms (cache miss)
73 silly packumentCache full:https://registry.npmjs.org/router set size:undefined disposed:false
74 silly fetch manifest http-errors@^2.0.0
75 silly packumentCache full:https://registry.npmjs.org/http-errors cache-miss
76 http fetch GET 200 https://registry.npmjs.org/parseurl 136ms (cache miss)
77 silly packumentCache full:https://registry.npmjs.org/parseurl set size:undefined disposed:false
78 silly fetch manifest on-finished@^2.4.1
79 silly packumentCache full:https://registry.npmjs.org/on-finished cache-miss
80 http fetch GET 200 https://registry.npmjs.org/etag 361ms (cache miss)
81 silly packumentCache full:https://registry.npmjs.org/etag set size:undefined disposed:false
82 silly fetch manifest content-type@^1.0.5
83 silly packumentCache full:https://registry.npmjs.org/content-type cache-miss
84 http fetch GET 200 https://registry.npmjs.org/accepts 357ms (cache miss)
85 silly packumentCache full:https://registry.npmjs.org/accepts set size:undefined disposed:false
86 silly fetch manifest finalhandler@^2.1.0
87 silly packumentCache full:https://registry.npmjs.org/finalhandler cache-miss
88 http fetch GET 200 https://registry.npmjs.org/statuses 84ms (cache miss)
89 silly packumentCache full:https://registry.npmjs.org/statuses set size:undefined disposed:false
90 silly fetch manifest range-parser@^1.2.1
91 silly packumentCache full:https://registry.npmjs.org/range-parser cache-miss
92 http fetch GET 200 https://registry.npmjs.org/debug 375ms (cache miss)
93 silly packumentCache full:https://registry.npmjs.org/debug set size:undefined disposed:false
94 silly fetch manifest serve-static@^2.2.0
95 silly packumentCache full:https://registry.npmjs.org/serve-static cache-miss
96 http fetch GET 200 https://registry.npmjs.org/encodeurl 80ms (cache miss)
97 silly packumentCache full:https://registry.npmjs.org/encodeurl set size:undefined disposed:false
98 silly fetch manifest cookie-signature@^1.2.1
99 silly packumentCache full:https://registry.npmjs.org/cookie-signature cache-miss
100 http fetch GET 200 https://registry.npmjs.org/mime-types 80ms (cache miss)
101 silly packumentCache full:https://registry.npmjs.org/mime-types set size:undefined disposed:false
102 silly fetch manifest merge-descriptors@^2.0.0
103 silly packumentCache full:https://registry.npmjs.org/merge-descriptors cache-miss
104 http fetch GET 200 https://registry.npmjs.org/proxy-addr 96ms (cache miss)
105 silly packumentCache full:https://registry.npmjs.org/proxy-addr set size:undefined disposed:false
106 silly fetch manifest content-disposition@^1.0.0
107 silly packumentCache full:https://registry.npmjs.org/content-disposition cache-miss
108 http fetch GET 200 https://registry.npmjs.org/on-finished 85ms (cache miss)
109 silly packumentCache full:https://registry.npmjs.org/on-finished set size:undefined disposed:false
110 http fetch GET 200 https://registry.npmjs.org/escape-html 101ms (cache miss)
111 silly packumentCache full:https://registry.npmjs.org/escape-html set size:undefined disposed:false
112 http fetch GET 200 https://registry.npmjs.org/finalhandler 88ms (cache miss)
113 silly packumentCache full:https://registry.npmjs.org/finalhandler set size:undefined disposed:false
114 http fetch GET 200 https://registry.npmjs.org/body-parser 118ms (cache miss)
115 silly packumentCache full:https://registry.npmjs.org/body-parser set size:undefined disposed:false
116 http fetch GET 200 https://registry.npmjs.org/serve-static 84ms (cache miss)
117 silly packumentCache full:https://registry.npmjs.org/serve-static set size:undefined disposed:false
118 http fetch GET 200 https://registry.npmjs.org/range-parser 92ms (cache miss)
119 silly packumentCache full:https://registry.npmjs.org/range-parser set size:undefined disposed:false
120 http fetch GET 200 https://registry.npmjs.org/content-type 112ms (cache miss)
121 silly packumentCache full:https://registry.npmjs.org/content-type set size:undefined disposed:false
122 http fetch GET 200 https://registry.npmjs.org/cookie-signature 81ms (cache miss)
123 silly packumentCache full:https://registry.npmjs.org/cookie-signature set size:undefined disposed:false
124 http fetch GET 200 https://registry.npmjs.org/merge-descriptors 80ms (cache miss)
125 silly packumentCache full:https://registry.npmjs.org/merge-descriptors set size:undefined disposed:false
126 http fetch GET 200 https://registry.npmjs.org/content-disposition 110ms (cache miss)
127 silly packumentCache full:https://registry.npmjs.org/content-disposition set size:undefined disposed:false
128 http fetch GET 200 https://registry.npmjs.org/http-errors 194ms (cache miss)
129 silly packumentCache full:https://registry.npmjs.org/http-errors set size:undefined disposed:false
130 silly placeDep ROOT accepts@2.0.0 OK for: express@5.2.1 want: ^2.0.0
131 silly placeDep ROOT body-parser@2.2.2 OK for: express@5.2.1 want: ^2.2.1
132 silly placeDep ROOT content-disposition@1.0.1 OK for: express@5.2.1 want: ^1.0.0
133 silly placeDep ROOT content-type@1.0.5 OK for: express@5.2.1 want: ^1.0.5
134 silly placeDep ROOT cookie@0.7.2 OK for: express@5.2.1 want: ^0.7.1
135 silly placeDep ROOT cookie-signature@1.2.2 OK for: express@5.2.1 want: ^1.2.1
136 silly placeDep ROOT debug@4.4.3 OK for: express@5.2.1 want: ^4.4.0
137 silly placeDep ROOT depd@2.0.0 OK for: express@5.2.1 want: ^2.0.0
138 silly placeDep ROOT encodeurl@2.0.0 OK for: express@5.2.1 want: ^2.0.0
139 silly placeDep ROOT escape-html@1.0.3 OK for: express@5.2.1 want: ^1.0.3
140 silly placeDep ROOT etag@1.8.1 OK for: express@5.2.1 want: ^1.8.1
141 silly placeDep ROOT finalhandler@2.1.1 OK for: express@5.2.1 want: ^2.1.0
142 silly placeDep ROOT fresh@2.0.0 OK for: express@5.2.1 want: ^2.0.0
143 silly placeDep ROOT http-errors@2.0.1 OK for: express@5.2.1 want: ^2.0.0
144 silly placeDep ROOT merge-descriptors@2.0.0 OK for: express@5.2.1 want: ^2.0.0
145 silly placeDep node_modules/express mime-types@3.0.2 OK for: express@5.2.1 want: ^3.0.0
146 silly placeDep ROOT on-finished@2.4.1 OK for: express@5.2.1 want: ^2.4.1
147 silly placeDep ROOT once@1.4.0 OK for: express@5.2.1 want: ^1.4.0
148 silly placeDep ROOT parseurl@1.3.3 OK for: express@5.2.1 want: ^1.3.3
149 silly placeDep ROOT proxy-addr@2.0.7 OK for: express@5.2.1 want: ^2.0.7
150 silly placeDep ROOT qs@6.14.1 OK for: express@5.2.1 want: ^6.14.0
151 silly placeDep ROOT range-parser@1.2.1 OK for: express@5.2.1 want: ^1.2.1
152 silly placeDep ROOT router@2.2.0 OK for: express@5.2.1 want: ^2.2.0
153 silly placeDep ROOT send@1.2.1 OK for: express@5.2.1 want: ^1.1.0
154 silly placeDep ROOT serve-static@2.2.1 OK for: express@5.2.1 want: ^2.2.0
155 silly placeDep ROOT statuses@2.0.2 OK for: express@5.2.1 want: ^2.0.1
156 silly placeDep ROOT type-is@2.0.1 OK for: express@5.2.1 want: ^2.0.1
157 silly placeDep ROOT vary@1.1.2 OK for: express@5.2.1 want: ^1.1.2
158 silly fetch manifest negotiator@^1.0.0
159 silly packumentCache full:https://registry.npmjs.org/negotiator cache-miss
160 silly fetch manifest bytes@^3.1.2
161 silly packumentCache full:https://registry.npmjs.org/bytes cache-miss
162 silly fetch manifest debug@^4.4.3
163 silly packumentCache full:https://registry.npmjs.org/debug cache-miss
164 silly fetch manifest iconv-lite@^0.7.0
165 silly packumentCache full:https://registry.npmjs.org/iconv-lite cache-miss
166 silly fetch manifest qs@^6.14.1
167 silly packumentCache full:https://registry.npmjs.org/qs cache-miss
168 silly fetch manifest raw-body@^3.0.1
169 silly packumentCache full:https://registry.npmjs.org/raw-body cache-miss
170 silly fetch manifest setprototypeof@~1.2.0
171 silly packumentCache full:https://registry.npmjs.org/setprototypeof cache-miss
172 silly fetch manifest statuses@~2.0.2
173 silly packumentCache full:https://registry.npmjs.org/statuses cache-miss
174 silly fetch manifest toidentifier@~1.0.1
175 silly packumentCache full:https://registry.npmjs.org/toidentifier cache-miss
176 silly fetch manifest mime-db@^1.54.0
177 silly packumentCache full:https://registry.npmjs.org/mime-db cache-miss
178 silly fetch manifest ee-first@1.1.1
179 silly packumentCache full:https://registry.npmjs.org/ee-first cache-miss
180 http cache https://registry.npmjs.org/debug 26ms (cache hit)
181 silly packumentCache full:https://registry.npmjs.org/debug set size:195840 disposed:false
182 silly fetch manifest wrappy@1
183 silly packumentCache full:https://registry.npmjs.org/wrappy cache-miss
184 http cache https://registry.npmjs.org/qs 30ms (cache hit)
185 silly packumentCache full:https://registry.npmjs.org/qs set size:268000 disposed:false
186 silly fetch manifest forwarded@0.2.0
187 silly packumentCache full:https://registry.npmjs.org/forwarded cache-miss
188 http cache https://registry.npmjs.org/statuses 32ms (cache hit)
189 silly packumentCache full:https://registry.npmjs.org/statuses set size:37117 disposed:false
190 silly fetch manifest ipaddr.js@1.9.1
191 silly packumentCache full:https://registry.npmjs.org/ipaddr.js cache-miss
192 http fetch GET 200 https://registry.npmjs.org/ee-first 100ms (cache miss)
193 silly packumentCache full:https://registry.npmjs.org/ee-first set size:undefined disposed:false
194 silly fetch manifest side-channel@^1.1.0
195 silly packumentCache full:https://registry.npmjs.org/side-channel cache-miss
196 http fetch GET 200 https://registry.npmjs.org/setprototypeof 107ms (cache miss)
197 silly packumentCache full:https://registry.npmjs.org/setprototypeof set size:undefined disposed:false
198 silly fetch manifest is-promise@^4.0.0
199 silly packumentCache full:https://registry.npmjs.org/is-promise cache-miss
200 http fetch GET 200 https://registry.npmjs.org/toidentifier 109ms (cache miss)
201 silly packumentCache full:https://registry.npmjs.org/toidentifier set size:undefined disposed:false
202 silly fetch manifest path-to-regexp@^8.0.0
203 silly packumentCache full:https://registry.npmjs.org/path-to-regexp cache-miss
204 http fetch GET 200 https://registry.npmjs.org/bytes 124ms (cache miss)
205 silly packumentCache full:https://registry.npmjs.org/bytes set size:undefined disposed:false
206 silly fetch manifest mime-types@^3.0.2
207 silly packumentCache full:https://registry.npmjs.org/mime-types cache-miss
208 http fetch GET 200 https://registry.npmjs.org/raw-body 125ms (cache miss)
209 silly packumentCache full:https://registry.npmjs.org/raw-body set size:undefined disposed:false
210 silly fetch manifest statuses@^2.0.2
211 silly packumentCache full:https://registry.npmjs.org/statuses cache-hit
212 silly fetch manifest media-typer@^1.1.0
213 silly packumentCache full:https://registry.npmjs.org/media-typer cache-miss
214 http fetch GET 200 https://registry.npmjs.org/forwarded 110ms (cache miss)
215 silly packumentCache full:https://registry.npmjs.org/forwarded set size:undefined disposed:false
216 http fetch GET 200 https://registry.npmjs.org/wrappy 118ms (cache miss)
217 silly packumentCache full:https://registry.npmjs.org/wrappy set size:undefined disposed:false
218 http fetch GET 200 https://registry.npmjs.org/mime-db 144ms (cache miss)
219 silly packumentCache full:https://registry.npmjs.org/mime-db set size:undefined disposed:false
220 http fetch GET 200 https://registry.npmjs.org/ipaddr.js 118ms (cache miss)
221 silly packumentCache full:https://registry.npmjs.org/ipaddr.js set size:undefined disposed:false
222 http cache https://registry.npmjs.org/mime-types 30ms (cache hit)
223 silly packumentCache full:https://registry.npmjs.org/mime-types set size:139110 disposed:false
224 http fetch GET 200 https://registry.npmjs.org/iconv-lite 162ms (cache miss)
225 silly packumentCache full:https://registry.npmjs.org/iconv-lite set size:undefined disposed:false
226 http fetch GET 200 https://registry.npmjs.org/side-channel 73ms (cache miss)
227 silly packumentCache full:https://registry.npmjs.org/side-channel set size:undefined disposed:false
228 http fetch GET 200 https://registry.npmjs.org/media-typer 162ms (cache miss)
229 silly packumentCache full:https://registry.npmjs.org/media-typer set size:undefined disposed:false
230 http fetch GET 200 https://registry.npmjs.org/is-promise 183ms (cache miss)
231 silly packumentCache full:https://registry.npmjs.org/is-promise set size:undefined disposed:false
232 http fetch GET 200 https://registry.npmjs.org/path-to-regexp 183ms (cache miss)
233 silly packumentCache full:https://registry.npmjs.org/path-to-regexp set size:undefined disposed:false
234 http fetch GET 200 https://registry.npmjs.org/negotiator 1079ms (cache miss)
235 silly packumentCache full:https://registry.npmjs.org/negotiator set size:undefined disposed:false
236 silly placeDep node_modules/accepts mime-types@3.0.2 OK for: accepts@2.0.0 want: ^3.0.0
237 silly placeDep ROOT negotiator@1.0.0 OK for: accepts@2.0.0 want: ^1.0.0
238 silly placeDep ROOT bytes@3.1.2 OK for: body-parser@2.2.2 want: ^3.1.2
239 silly placeDep node_modules/body-parser iconv-lite@0.7.2 OK for: body-parser@2.2.2 want: ^0.7.0
240 silly placeDep ROOT raw-body@3.0.2 OK for: body-parser@2.2.2 want: ^3.0.1
241 silly fetch manifest unpipe@~1.0.0
242 silly packumentCache full:https://registry.npmjs.org/unpipe cache-miss
243 silly fetch manifest iconv-lite@~0.7.0
244 silly packumentCache full:https://registry.npmjs.org/iconv-lite cache-miss
245 http cache https://registry.npmjs.org/iconv-lite 11ms (cache hit)
246 silly packumentCache full:https://registry.npmjs.org/iconv-lite set size:120557 disposed:false
247 http fetch GET 200 https://registry.npmjs.org/unpipe 85ms (cache miss)
248 silly packumentCache full:https://registry.npmjs.org/unpipe set size:undefined disposed:false
249 silly placeDep ROOT setprototypeof@1.2.0 OK for: http-errors@2.0.1 want: ~1.2.0
250 silly placeDep ROOT toidentifier@1.0.1 OK for: http-errors@2.0.1 want: ~1.0.1
251 silly placeDep ROOT ee-first@1.1.1 OK for: on-finished@2.4.1 want: 1.1.1
252 silly placeDep ROOT wrappy@1.0.2 OK for: once@1.4.0 want: 1
253 silly placeDep ROOT forwarded@0.2.0 OK for: proxy-addr@2.0.7 want: 0.2.0
254 silly placeDep ROOT ipaddr.js@1.9.1 OK for: proxy-addr@2.0.7 want: 1.9.1
255 silly placeDep ROOT side-channel@1.1.0 OK for: qs@6.14.1 want: ^1.1.0
256 silly fetch manifest es-errors@^1.3.0
257 silly packumentCache full:https://registry.npmjs.org/es-errors cache-miss
258 silly fetch manifest object-inspect@^1.13.3
259 silly packumentCache full:https://registry.npmjs.org/object-inspect cache-miss
260 silly fetch manifest side-channel-list@^1.0.0
261 silly packumentCache full:https://registry.npmjs.org/side-channel-list cache-miss
262 silly fetch manifest side-channel-map@^1.0.1
263 silly packumentCache full:https://registry.npmjs.org/side-channel-map cache-miss
264 silly fetch manifest side-channel-weakmap@^1.0.2
265 silly packumentCache full:https://registry.npmjs.org/side-channel-weakmap cache-miss
266 http fetch GET 200 https://registry.npmjs.org/side-channel-list 83ms (cache miss)
267 silly packumentCache full:https://registry.npmjs.org/side-channel-list set size:undefined disposed:false
268 http fetch GET 200 https://registry.npmjs.org/es-errors 86ms (cache miss)
269 silly packumentCache full:https://registry.npmjs.org/es-errors set size:undefined disposed:false
270 http fetch GET 200 https://registry.npmjs.org/object-inspect 88ms (cache miss)
271 silly packumentCache full:https://registry.npmjs.org/object-inspect set size:undefined disposed:false
272 http fetch GET 200 https://registry.npmjs.org/side-channel-map 90ms (cache miss)
273 silly packumentCache full:https://registry.npmjs.org/side-channel-map set size:undefined disposed:false
274 http fetch GET 200 https://registry.npmjs.org/side-channel-weakmap 93ms (cache miss)
275 silly packumentCache full:https://registry.npmjs.org/side-channel-weakmap set size:undefined disposed:false
276 silly placeDep node_modules/raw-body iconv-lite@0.7.2 OK for: raw-body@3.0.2 want: ~0.7.0
277 silly placeDep ROOT unpipe@1.0.0 OK for: raw-body@3.0.2 want: ~1.0.0
278 silly placeDep ROOT is-promise@4.0.0 OK for: router@2.2.0 want: ^4.0.0
279 silly placeDep ROOT path-to-regexp@8.3.0 OK for: router@2.2.0 want: ^8.0.0
280 silly placeDep node_modules/send mime-types@3.0.2 OK for: send@1.2.1 want: ^3.0.2
281 silly placeDep ROOT es-errors@1.3.0 OK for: side-channel@1.1.0 want: ^1.3.0
282 silly placeDep ROOT object-inspect@1.13.4 OK for: side-channel@1.1.0 want: ^1.13.3
283 silly placeDep ROOT side-channel-list@1.0.0 OK for: side-channel@1.1.0 want: ^1.0.0
284 silly placeDep ROOT side-channel-map@1.0.1 OK for: side-channel@1.1.0 want: ^1.0.1
285 silly placeDep ROOT side-channel-weakmap@1.0.2 OK for: side-channel@1.1.0 want: ^1.0.2
286 silly fetch manifest call-bound@^1.0.2
287 silly packumentCache full:https://registry.npmjs.org/call-bound cache-miss
288 silly fetch manifest get-intrinsic@^1.2.5
289 silly packumentCache full:https://registry.npmjs.org/get-intrinsic cache-miss
290 silly fetch manifest call-bound@^1.0.2
291 silly packumentCache full:https://registry.npmjs.org/call-bound cache-miss
292 silly fetch manifest get-intrinsic@^1.2.5
293 silly packumentCache full:https://registry.npmjs.org/get-intrinsic cache-miss
294 http fetch GET 200 https://registry.npmjs.org/get-intrinsic 69ms (cache miss)
295 silly packumentCache full:https://registry.npmjs.org/get-intrinsic set size:undefined disposed:false
296 http fetch GET 200 https://registry.npmjs.org/call-bound 84ms (cache miss)
297 silly packumentCache full:https://registry.npmjs.org/call-bound set size:undefined disposed:false
298 http fetch GET 200 https://registry.npmjs.org/get-intrinsic 88ms (cache miss)
299 silly packumentCache full:https://registry.npmjs.org/get-intrinsic set size:undefined disposed:false
300 http fetch GET 200 https://registry.npmjs.org/call-bound 92ms (cache miss)
301 silly packumentCache full:https://registry.npmjs.org/call-bound set size:undefined disposed:false
302 silly placeDep ROOT call-bound@1.0.4 OK for: side-channel-map@1.0.1 want: ^1.0.2
303 silly placeDep ROOT get-intrinsic@1.3.0 OK for: side-channel-map@1.0.1 want: ^1.2.5
304 silly fetch manifest call-bind-apply-helpers@^1.0.2
305 silly packumentCache full:https://registry.npmjs.org/call-bind-apply-helpers cache-miss
306 silly fetch manifest get-intrinsic@^1.3.0
307 silly packumentCache full:https://registry.npmjs.org/get-intrinsic cache-miss
308 silly fetch manifest gopd@^1.2.0
309 silly packumentCache full:https://registry.npmjs.org/gopd cache-miss
310 silly fetch manifest hasown@^2.0.2
311 silly packumentCache full:https://registry.npmjs.org/hasown cache-miss
312 silly fetch manifest get-proto@^1.0.1
313 silly packumentCache full:https://registry.npmjs.org/get-proto cache-miss
314 silly fetch manifest has-symbols@^1.1.0
315 silly packumentCache full:https://registry.npmjs.org/has-symbols cache-miss
316 silly fetch manifest function-bind@^1.1.2
317 silly packumentCache full:https://registry.npmjs.org/function-bind cache-miss
318 silly fetch manifest es-object-atoms@^1.1.1
319 silly packumentCache full:https://registry.npmjs.org/es-object-atoms cache-miss
320 silly fetch manifest math-intrinsics@^1.1.0
321 silly packumentCache full:https://registry.npmjs.org/math-intrinsics cache-miss
322 silly fetch manifest es-define-property@^1.0.1
323 silly packumentCache full:https://registry.npmjs.org/es-define-property cache-miss
324 silly fetch manifest call-bind-apply-helpers@^1.0.2
325 silly packumentCache full:https://registry.npmjs.org/call-bind-apply-helpers cache-miss
326 http cache https://registry.npmjs.org/get-intrinsic 23ms (cache hit)
327 silly packumentCache full:https://registry.npmjs.org/get-intrinsic set size:60985 disposed:false
328 http fetch GET 200 https://registry.npmjs.org/get-proto 126ms (cache miss)
329 silly packumentCache full:https://registry.npmjs.org/get-proto set size:undefined disposed:false
330 http fetch GET 200 https://registry.npmjs.org/hasown 130ms (cache miss)
331 silly packumentCache full:https://registry.npmjs.org/hasown set size:undefined disposed:false
332 http fetch GET 200 https://registry.npmjs.org/has-symbols 132ms (cache miss)
333 silly packumentCache full:https://registry.npmjs.org/has-symbols set size:undefined disposed:false
334 http fetch GET 200 https://registry.npmjs.org/math-intrinsics 133ms (cache miss)
335 silly packumentCache full:https://registry.npmjs.org/math-intrinsics set size:undefined disposed:false
336 http fetch GET 200 https://registry.npmjs.org/es-object-atoms 135ms (cache miss)
337 silly packumentCache full:https://registry.npmjs.org/es-object-atoms set size:undefined disposed:false
338 http fetch GET 200 https://registry.npmjs.org/gopd 139ms (cache miss)
339 silly packumentCache full:https://registry.npmjs.org/gopd set size:undefined disposed:false
340 http fetch GET 200 https://registry.npmjs.org/call-bind-apply-helpers 140ms (cache miss)
341 silly packumentCache full:https://registry.npmjs.org/call-bind-apply-helpers set size:undefined disposed:false
342 http fetch GET 200 https://registry.npmjs.org/call-bind-apply-helpers 146ms (cache miss)
343 silly packumentCache full:https://registry.npmjs.org/call-bind-apply-helpers set size:undefined disposed:false
344 http fetch GET 200 https://registry.npmjs.org/es-define-property 146ms (cache miss)
345 silly packumentCache full:https://registry.npmjs.org/es-define-property set size:undefined disposed:false
346 http fetch GET 200 https://registry.npmjs.org/function-bind 149ms (cache miss)
347 silly packumentCache full:https://registry.npmjs.org/function-bind set size:undefined disposed:false
348 silly placeDep ROOT call-bind-apply-helpers@1.0.2 OK for: call-bound@1.0.4 want: ^1.0.2
349 silly placeDep ROOT function-bind@1.1.2 OK for: call-bind-apply-helpers@1.0.2 want: ^1.1.2
350 silly placeDep ROOT es-define-property@1.0.1 OK for: get-intrinsic@1.3.0 want: ^1.0.1
351 silly placeDep ROOT es-object-atoms@1.1.1 OK for: get-intrinsic@1.3.0 want: ^1.1.1
352 silly placeDep ROOT get-proto@1.0.1 OK for: get-intrinsic@1.3.0 want: ^1.0.1
353 silly placeDep ROOT gopd@1.2.0 OK for: get-intrinsic@1.3.0 want: ^1.2.0
354 silly placeDep ROOT has-symbols@1.1.0 OK for: get-intrinsic@1.3.0 want: ^1.1.0
355 silly placeDep ROOT hasown@2.0.2 OK for: get-intrinsic@1.3.0 want: ^2.0.2
356 silly placeDep ROOT math-intrinsics@1.1.0 OK for: get-intrinsic@1.3.0 want: ^1.1.0
357 silly fetch manifest dunder-proto@^1.0.1
358 silly packumentCache full:https://registry.npmjs.org/dunder-proto cache-miss
359 http fetch GET 200 https://registry.npmjs.org/dunder-proto 74ms (cache miss)
360 silly packumentCache full:https://registry.npmjs.org/dunder-proto set size:undefined disposed:false
361 silly placeDep ROOT dunder-proto@1.0.1 OK for: get-proto@1.0.1 want: ^1.0.1
362 silly placeDep ROOT media-typer@1.1.0 OK for: type-is@2.0.1 want: ^1.1.0
363 silly placeDep node_modules/type-is mime-types@3.0.2 OK for: type-is@2.0.1 want: ^3.0.0
364 silly placeDep node_modules/accepts mime-db@1.54.0 OK for: mime-types@3.0.2 want: ^1.54.0
365 silly placeDep node_modules/express mime-db@1.54.0 OK for: mime-types@3.0.2 want: ^1.54.0
366 silly placeDep node_modules/send mime-db@1.54.0 OK for: mime-types@3.0.2 want: ^1.54.0
367 silly placeDep node_modules/type-is mime-db@1.54.0 OK for: mime-types@3.0.2 want: ^1.54.0
368 silly reify moves {}
369 silly audit bulk request {
369 silly audit   '@angular-devkit/core': [ '18.2.12' ],
369 silly audit   '@angular-devkit/schematics': [ '18.2.12' ],
369 silly audit   '@angular/common': [ '18.2.13' ],
369 silly audit   '@angular/compiler': [ '18.2.13' ],
369 silly audit   '@angular/core': [ '18.2.13' ],
369 silly audit   '@angular/fire': [ '18.0.1' ],
369 silly audit   '@firebase/analytics': [ '0.10.8', '0.10.16' ],
369 silly audit   '@firebase/analytics-compat': [ '0.2.14', '0.2.22' ],
369 silly audit   '@firebase/analytics-types': [ '0.8.2', '0.8.3' ],
369 silly audit   '@firebase/app': [ '0.10.13', '0.13.1' ],
369 silly audit   '@firebase/app-check': [ '0.8.8', '0.10.0' ],
369 silly audit   '@firebase/app-check-compat': [ '0.3.15', '0.3.25' ],
369 silly audit   '@firebase/app-check-interop-types': [ '0.3.2', '0.3.3' ],
369 silly audit   '@firebase/app-check-types': [ '0.5.2', '0.5.3' ],
369 silly audit   '@firebase/app-compat': [ '0.2.43', '0.4.1' ],
369 silly audit   '@firebase/app-types': [ '0.9.2', '0.9.3' ],
369 silly audit   '@firebase/auth': [ '1.7.9', '1.10.6' ],
369 silly audit   '@firebase/auth-compat': [ '0.5.14', '0.5.26' ],
369 silly audit   '@firebase/auth-interop-types': [ '0.2.3', '0.2.4' ],
369 silly audit   '@firebase/auth-types': [ '0.12.2', '0.13.0' ],
369 silly audit   '@firebase/component': [ '0.6.9', '0.6.17' ],
369 silly audit   '@firebase/data-connect': [ '0.1.0', '0.3.9' ],
369 silly audit   '@firebase/database': [ '1.0.8', '1.0.19' ],
369 silly audit   '@firebase/database-compat': [ '1.0.8', '2.0.10' ],
369 silly audit   '@firebase/database-types': [ '1.0.5', '1.0.14' ],
369 silly audit   '@firebase/firestore': [ '4.7.3', '4.7.17' ],
369 silly audit   '@firebase/firestore-compat': [ '0.3.38', '0.3.52' ],
369 silly audit   '@firebase/firestore-types': [ '3.0.2', '3.0.3' ],
369 silly audit   '@firebase/functions': [ '0.11.8', '0.12.8' ],
369 silly audit   '@firebase/functions-compat': [ '0.3.14', '0.3.25' ],
369 silly audit   '@firebase/functions-types': [ '0.6.2', '0.6.3' ],
369 silly audit   '@firebase/installations': [ '0.6.9', '0.6.17' ],
369 silly audit   '@firebase/installations-compat': [ '0.2.9', '0.2.17' ],
369 silly audit   '@firebase/installations-types': [ '0.5.2', '0.5.3' ],
369 silly audit   '@firebase/logger': [ '0.4.2', '0.4.4' ],
369 silly audit   '@firebase/messaging': [ '0.12.12', '0.12.21' ],
369 silly audit   '@firebase/messaging-compat': [ '0.2.12', '0.2.21' ],
369 silly audit   '@firebase/messaging-interop-types': [ '0.2.2', '0.2.3' ],
369 silly audit   '@firebase/performance': [ '0.6.9', '0.7.6' ],
369 silly audit   '@firebase/performance-compat': [ '0.2.9', '0.2.19' ],
369 silly audit   '@firebase/performance-types': [ '0.2.2', '0.2.3' ],
369 silly audit   '@firebase/remote-config': [ '0.4.9', '0.6.4' ],
369 silly audit   '@firebase/remote-config-compat': [ '0.2.9', '0.2.17' ],
369 silly audit   '@firebase/remote-config-types': [ '0.3.2', '0.4.0' ],
369 silly audit   '@firebase/storage': [ '0.13.2', '0.13.12' ],
369 silly audit   '@firebase/storage-compat': [ '0.3.12', '0.3.22' ],
369 silly audit   '@firebase/storage-types': [ '0.8.2', '0.8.3' ],
369 silly audit   '@firebase/util': [ '1.10.0', '1.12.0' ],
369 silly audit   '@firebase/webchannel-wrapper': [ '1.0.1', '1.0.3' ],
369 silly audit   firebase: [ '10.14.1', '11.9.0' ],
369 silly audit   '@angular/platform-browser': [ '18.2.13' ],
369 silly audit   '@angular/platform-browser-dynamic': [ '18.2.13' ],
369 silly audit   '@babel/runtime': [ '7.28.4' ],
369 silly audit   '@colors/colors': [ '1.6.0' ],
369 silly audit   '@dabh/diagnostics': [ '2.0.3' ],
369 silly audit   '@emailjs/browser': [ '4.4.1' ],
369 silly audit   '@firebase/ai': [ '1.4.0' ],
369 silly audit   '@firebase/vertexai-preview': [ '0.0.4' ],
369 silly audit   '@grpc/grpc-js': [ '1.9.15' ],
369 silly audit   '@grpc/proto-loader': [ '0.7.13' ],
369 silly audit   '@jridgewell/sourcemap-codec': [ '1.5.0' ],
369 silly audit   '@mongodb-js/saslprep': [ '1.4.5' ],
369 silly audit   '@protobufjs/aspromise': [ '1.1.2' ],
369 silly audit   '@protobufjs/base64': [ '1.1.2' ],
369 silly audit   '@protobufjs/codegen': [ '2.0.4' ],
369 silly audit   '@protobufjs/eventemitter': [ '1.1.0' ],
369 silly audit   '@protobufjs/fetch': [ '1.1.0' ],
369 silly audit   '@protobufjs/float': [ '1.0.2' ],
369 silly audit   '@protobufjs/inquire': [ '1.1.0' ],
369 silly audit   '@protobufjs/path': [ '1.1.2' ],
369 silly audit   '@protobufjs/pool': [ '1.1.0' ],
369 silly audit   '@protobufjs/utf8': [ '1.1.0' ],
369 silly audit   '@schematics/angular': [ '18.2.12' ],
369 silly audit   '@types/node': [ '22.10.2' ],
369 silly audit   '@types/pako': [ '2.0.4' ],
369 silly audit   '@types/raf': [ '3.4.3' ],
369 silly audit   '@types/triple-beam': [ '1.3.5' ],
369 silly audit   '@types/trusted-types': [ '2.0.7' ],
369 silly audit   '@types/webidl-conversions': [ '7.0.3' ],
369 silly audit   '@types/whatwg-url': [ '13.0.0' ],
369 silly audit   ajv: [ '8.17.1' ],
369 silly audit   'ajv-formats': [ '3.0.1' ],
369 silly audit   'ansi-escapes': [ '4.3.2' ],
369 silly audit   'ansi-regex': [ '5.0.1', '6.1.0' ],
369 silly audit   'ansi-styles': [ '4.3.0', '6.2.1' ],
369 silly audit   async: [ '3.2.6' ],
369 silly audit   asynckit: [ '0.4.0' ],
369 silly audit   axios: [ '1.7.9' ],
369 silly audit   'base64-arraybuffer': [ '1.0.2' ],
369 silly audit   'base64-js': [ '1.5.1' ],
369 silly audit   bl: [ '4.1.0' ],
369 silly audit   bson: [ '7.1.1' ],
369 silly audit   buffer: [ '5.7.1' ],
369 silly audit   canvg: [ '3.0.11' ],
369 silly audit   chalk: [ '4.1.2', '5.4.1' ],
369 silly audit   chardet: [ '0.7.0' ],
369 silly audit   'cli-cursor': [ '3.1.0' ],
369 silly audit   'cli-spinners': [ '2.9.2' ],
369 silly audit   'cli-width': [ '3.0.0' ],
369 silly audit   cliui: [ '8.0.1' ],
369 silly audit   'wrap-ansi': [ '7.0.0', '6.2.0', '8.1.0' ],
369 silly audit   clone: [ '1.0.4' ],
369 silly audit   color: [ '3.2.1' ],
369 silly audit   'color-convert': [ '2.0.1', '1.9.3' ],
369 silly audit   'color-name': [ '1.1.4', '1.1.3' ],
369 silly audit   'color-string': [ '1.9.1' ],
369 silly audit   colorspace: [ '1.1.4' ],
369 silly audit   'combined-stream': [ '1.0.8' ],
369 silly audit   'core-js': [ '3.46.0' ],
369 silly audit   'css-line-break': [ '2.1.0' ],
369 silly audit   defaults: [ '1.0.4' ],
369 silly audit   'define-lazy-prop': [ '2.0.0' ],
369 silly audit   'delayed-stream': [ '1.0.0' ],
369 silly audit   dompurify: [ '3.3.0' ],
369 silly audit   'emailjs-com': [ '3.2.0' ],
369 silly audit   'emoji-regex': [ '8.0.0', '9.2.2' ],
369 silly audit   enabled: [ '2.0.0' ],
369 silly audit   escalade: [ '3.2.0' ],
369 silly audit   'escape-string-regexp': [ '1.0.5' ],
369 silly audit   'external-editor': [ '3.1.0' ],
369 silly audit   'fast-deep-equal': [ '3.1.3' ],
369 silly audit   'fast-png': [ '6.4.0' ],
369 silly audit   'fast-uri': [ '3.0.3' ],
369 silly audit   'faye-websocket': [ '0.11.4' ],
369 silly audit   fecha: [ '4.2.3' ],
369 silly audit   fflate: [ '0.8.2' ],
369 silly audit   figures: [ '3.2.0' ],
369 silly audit   'fn.name': [ '1.1.0' ],
369 silly audit   'follow-redirects': [ '1.15.9' ],
369 silly audit   'form-data': [ '4.0.1' ],
369 silly audit   'fs-extra': [ '8.1.0' ],
369 silly audit   fuzzy: [ '0.1.3' ],
369 silly audit   'get-caller-file': [ '2.0.5' ],
369 silly audit   git: [ '0.1.5' ],
369 silly audit   'graceful-fs': [ '4.2.11' ],
369 silly audit   'has-flag': [ '4.0.0' ],
369 silly audit   html2canvas: [ '1.4.1' ],
369 silly audit   'http-parser-js': [ '0.5.8' ],
369 silly audit   'iconv-lite': [ '0.4.24', '0.7.2', '0.6.3' ],
369 silly audit   idb: [ '7.1.1' ],
369 silly audit   ieee754: [ '1.2.1' ],
369 silly audit   inherits: [ '2.0.4' ],
369 silly audit   inquirer: [ '8.2.6' ],
369 silly audit   'inquirer-autocomplete-prompt': [ '1.4.0' ],
369 silly audit   rxjs: [ '6.6.7', '7.8.1' ],
369 silly audit   tslib: [ '1.14.1', '2.8.1' ],
369 silly audit   iobuffer: [ '5.4.0' ],
369 silly audit   'is-arrayish': [ '0.3.2' ],
369 silly audit   'is-docker': [ '2.2.1' ],
369 silly audit   'is-fullwidth-code-point': [ '3.0.0' ],
369 silly audit   'is-interactive': [ '1.0.0' ],
369 silly audit   'is-stream': [ '2.0.1' ],
369 silly audit   'is-unicode-supported': [ '0.1.0' ],
369 silly audit   'is-wsl': [ '2.2.0' ],
369 silly audit   'json-schema-traverse': [ '1.0.0' ],
369 silly audit   'jsonc-parser': [ '3.3.1' ],
369 silly audit   jsonfile: [ '4.0.0' ],
369 silly audit   jspdf: [ '3.0.3' ],
369 silly audit   kareem: [ '3.0.0' ],
369 silly audit   kuler: [ '2.0.0' ],
369 silly audit   lodash: [ '4.17.21' ],
369 silly audit   'lodash.camelcase': [ '4.3.0' ],
369 silly audit   'log-symbols': [ '4.1.0' ],
369 silly audit   logform: [ '2.7.0' ],
369 silly audit   long: [ '5.2.3' ],
369 silly audit   'magic-string': [ '0.30.11' ],
369 silly audit   'memory-pager': [ '1.5.0' ],
369 silly audit   mime: [ '1.2.9' ],
369 silly audit   'mime-db': [ '1.52.0', '1.54.0' ],
369 silly audit   'mime-types': [ '2.1.35', '3.0.2' ],
369 silly audit   'mimic-fn': [ '2.1.0' ],
369 silly audit   mongodb: [ '7.0.0' ],
369 silly audit   'mongodb-connection-string-url': [ '7.0.1' ],
369 silly audit   tr46: [ '5.1.1', '0.0.3' ],
369 silly audit   'webidl-conversions': [ '7.0.0', '3.0.1' ],
369 silly audit   'whatwg-url': [ '14.2.0', '5.0.0' ],
369 silly audit   mongoose: [ '9.1.5' ],
369 silly audit   mpath: [ '0.9.0' ],
369 silly audit   mquery: [ '6.0.0' ],
369 silly audit   ms: [ '2.1.3' ],
369 silly audit   'mute-stream': [ '0.0.8', '2.0.0' ],
369 silly audit   node: [ '24.12.0' ],
369 silly audit   'node-bin-setup': [ '1.1.4' ],
369 silly audit   'node-fetch': [ '2.7.0' ],
369 silly audit   npm: [ '11.2.0' ],
369 silly audit   'string-width': [ '4.2.3', '5.1.2' ],
369 silly audit   'strip-ansi': [ '6.0.1', '7.1.0' ],
369 silly audit   chownr: [ '3.0.0', '2.0.0' ],
369 silly audit   minizlib: [ '3.0.1', '2.1.2' ],
369 silly audit   mkdirp: [ '3.0.1', '1.0.4' ],
369 silly audit   tar: [ '7.4.3', '6.2.1' ],
369 silly audit   yallist: [ '5.0.0', '4.0.0' ],
369 silly audit   which: [ '2.0.2', '5.0.0' ],
369 silly audit   debug: [ '4.4.3', '4.4.0' ],
369 silly audit   'fs-minipass': [ '3.0.3', '2.1.0' ],
369 silly audit   isexe: [ '2.0.0', '3.1.1' ],
369 silly audit   negotiator: [ '1.0.0' ],
369 silly audit   minipass: [ '7.1.2', '3.3.6', '5.0.0' ],
369 silly audit   'safer-buffer': [ '2.1.2' ],
369 silly audit   semver: [ '7.6.3', '7.7.1' ],
369 silly audit   'signal-exit': [ '3.0.7', '4.1.0' ],
369 silly audit   'spdx-expression-parse': [ '3.0.1', '4.0.0' ],
369 silly audit   'supports-color': [ '7.2.0', '10.0.0' ],
369 silly audit   'util-deprecate': [ '1.0.2' ],
369 silly audit   'one-time': [ '1.0.0' ],
369 silly audit   onetime: [ '5.1.2' ],
369 silly audit   open: [ '8.4.2' ],
369 silly audit   ora: [ '5.4.1' ],
369 silly audit   'os-tmpdir': [ '1.0.2' ],
369 silly audit   pako: [ '2.1.0' ],
369 silly audit   'performance-now': [ '2.1.0' ],
369 silly audit   picomatch: [ '4.0.2' ],
369 silly audit   protobufjs: [ '7.4.0' ],
369 silly audit   'proxy-from-env': [ '1.1.0' ],
369 silly audit   punycode: [ '2.3.1' ],
369 silly audit   raf: [ '3.4.1' ],
369 silly audit   'readable-stream': [ '3.6.2' ],
369 silly audit   'regenerator-runtime': [ '0.13.11' ],
369 silly audit   'require-directory': [ '2.1.1' ],
369 silly audit   'require-from-string': [ '2.0.2' ],
369 silly audit   'restore-cursor': [ '3.1.0' ],
369 silly audit   rgbcolor: [ '1.0.1' ],
369 silly audit   'run-async': [ '2.4.1' ],
369 silly audit   rxfire: [ '6.1.0' ],
369 silly audit   'safe-buffer': [ '5.2.1' ],
369 silly audit   'safe-stable-stringify': [ '2.5.0' ],
369 silly audit   sift: [ '17.1.3' ],
369 silly audit   'simple-swizzle': [ '0.2.2' ],
369 silly audit   'source-map': [ '0.7.4' ],
369 silly audit   'sparse-bitfield': [ '3.0.3' ],
369 silly audit   'stack-trace': [ '0.0.10' ],
369 silly audit   'stackblur-canvas': [ '2.7.0' ],
369 silly audit   string_decoder: [ '1.3.0' ],
369 silly audit   'svg-pathdata': [ '6.0.3' ],
369 silly audit   'text-hex': [ '1.0.0' ],
369 silly audit   'text-segmentation': [ '1.0.3' ],
369 silly audit   through: [ '2.3.8' ],
369 silly audit   tmp: [ '0.0.33' ],
369 silly audit   'triple-beam': [ '1.4.1' ],
369 silly audit   'type-fest': [ '0.21.3' ],
369 silly audit   undici: [ '6.19.7' ],
369 silly audit   'undici-types': [ '6.20.0' ],
369 silly audit   universalify: [ '0.1.2' ],
369 silly audit   utrie: [ '1.0.2' ],
369 silly audit   wcwidth: [ '1.0.1' ],
369 silly audit   'web-vitals': [ '4.2.4' ],
369 silly audit   'websocket-driver': [ '0.7.4' ],
369 silly audit   'websocket-extensions': [ '0.1.4' ],
369 silly audit   winston: [ '3.17.0' ],
369 silly audit   'winston-transport': [ '4.9.0' ],
369 silly audit   y18n: [ '5.0.8' ],
369 silly audit   yargs: [ '17.7.2' ],
369 silly audit   'yargs-parser': [ '21.1.1' ],
369 silly audit   'zone.js': [ '0.14.10' ],
369 silly audit   express: [ '5.2.1' ],
369 silly audit   accepts: [ '2.0.0' ],
369 silly audit   'body-parser': [ '2.2.2' ],
369 silly audit   'content-disposition': [ '1.0.1' ],
369 silly audit   'content-type': [ '1.0.5' ],
369 silly audit   cookie: [ '0.7.2' ],
369 silly audit   'cookie-signature': [ '1.2.2' ],
369 silly audit   depd: [ '2.0.0' ],
369 silly audit   encodeurl: [ '2.0.0' ],
369 silly audit   'escape-html': [ '1.0.3' ],
369 silly audit   etag: [ '1.8.1' ],
369 silly audit   finalhandler: [ '2.1.1' ],
369 silly audit   fresh: [ '2.0.0' ],
369 silly audit   'http-errors': [ '2.0.1' ],
369 silly audit   'merge-descriptors': [ '2.0.0' ],
369 silly audit   'on-finished': [ '2.4.1' ],
369 silly audit   once: [ '1.4.0' ],
369 silly audit   parseurl: [ '1.3.3' ],
369 silly audit   'proxy-addr': [ '2.0.7' ],
369 silly audit   qs: [ '6.14.1' ],
369 silly audit   'range-parser': [ '1.2.1' ],
369 silly audit   router: [ '2.2.0' ],
369 silly audit   send: [ '1.2.1' ],
369 silly audit   'serve-static': [ '2.2.1' ],
369 silly audit   statuses: [ '2.0.2' ],
369 silly audit   'type-is': [ '2.0.1' ],
369 silly audit   vary: [ '1.1.2' ],
369 silly audit   bytes: [ '3.1.2' ],
369 silly audit   'raw-body': [ '3.0.2' ],
369 silly audit   setprototypeof: [ '1.2.0' ],
369 silly audit   toidentifier: [ '1.0.1' ],
369 silly audit   'ee-first': [ '1.1.1' ],
369 silly audit   wrappy: [ '1.0.2' ],
369 silly audit   forwarded: [ '0.2.0' ],
369 silly audit   'ipaddr.js': [ '1.9.1' ],
369 silly audit   'side-channel': [ '1.1.0' ],
369 silly audit   unpipe: [ '1.0.0' ],
369 silly audit   'is-promise': [ '4.0.0' ],
369 silly audit   'path-to-regexp': [ '8.3.0' ],
369 silly audit   'es-errors': [ '1.3.0' ],
369 silly audit   'object-inspect': [ '1.13.4' ],
369 silly audit   'side-channel-list': [ '1.0.0' ],
369 silly audit   'side-channel-map': [ '1.0.1' ],
369 silly audit   'side-channel-weakmap': [ '1.0.2' ],
369 silly audit   'call-bound': [ '1.0.4' ],
369 silly audit   'get-intrinsic': [ '1.3.0' ],
369 silly audit   'call-bind-apply-helpers': [ '1.0.2' ],
369 silly audit   'function-bind': [ '1.1.2' ],
369 silly audit   'es-define-property': [ '1.0.1' ],
369 silly audit   'es-object-atoms': [ '1.1.1' ],
369 silly audit   'get-proto': [ '1.0.1' ],
369 silly audit   gopd: [ '1.2.0' ],
369 silly audit   'has-symbols': [ '1.1.0' ],
369 silly audit   hasown: [ '2.0.2' ],
369 silly audit   'math-intrinsics': [ '1.1.0' ],
369 silly audit   'dunder-proto': [ '1.0.1' ],
369 silly audit   'media-typer': [ '1.1.0' ],
369 silly audit   '@isaacs/cliui': [ '8.0.2' ],
369 silly audit   '@isaacs/fs-minipass': [ '4.0.1' ],
369 silly audit   '@isaacs/string-locale-compare': [ '1.1.0' ],
369 silly audit   '@npmcli/agent': [ '3.0.0' ],
369 silly audit   '@npmcli/arborist': [ '9.0.1' ],
369 silly audit   '@npmcli/config': [ '10.1.0' ],
369 silly audit   '@npmcli/fs': [ '4.0.0' ],
369 silly audit   '@npmcli/git': [ '6.0.3' ],
369 silly audit   '@npmcli/installed-package-contents': [ '3.0.0' ],
369 silly audit   '@npmcli/map-workspaces': [ '4.0.2' ],
369 silly audit   '@npmcli/metavuln-calculator': [ '9.0.0' ],
369 silly audit   '@npmcli/name-from-folder': [ '3.0.0' ],
369 silly audit   '@npmcli/node-gyp': [ '4.0.0' ],
369 silly audit   '@npmcli/package-json': [ '6.1.1' ],
369 silly audit   '@npmcli/promise-spawn': [ '8.0.2' ],
369 silly audit   '@npmcli/query': [ '4.0.0' ],
369 silly audit   '@npmcli/redact': [ '3.1.1' ],
369 silly audit   '@npmcli/run-script': [ '9.0.2' ],
369 silly audit   '@pkgjs/parseargs': [ '0.11.0' ],
369 silly audit   '@sigstore/bundle': [ '3.1.0' ],
369 silly audit   '@sigstore/core': [ '2.0.0' ],
369 silly audit   '@sigstore/protobuf-specs': [ '0.4.0' ],
369 silly audit   '@sigstore/sign': [ '3.1.0' ],
369 silly audit   '@sigstore/tuf': [ '3.1.0' ],
369 silly audit   '@sigstore/verify': [ '2.1.0' ],
369 silly audit   '@tufjs/canonical-json': [ '2.0.0' ],
369 silly audit   '@tufjs/models': [ '3.0.1' ],
369 silly audit   abbrev: [ '3.0.0' ],
369 silly audit   'agent-base': [ '7.1.3' ],
369 silly audit   aproba: [ '2.0.0' ],
369 silly audit   archy: [ '1.0.0' ],
369 silly audit   'balanced-match': [ '1.0.2' ],
369 silly audit   'bin-links': [ '5.0.0' ],
369 silly audit   'binary-extensions': [ '3.0.0' ],
369 silly audit   'brace-expansion': [ '2.0.1' ],
369 silly audit   cacache: [ '19.0.1' ],
369 silly audit   'ci-info': [ '4.1.0' ],
369 silly audit   'cidr-regex': [ '4.1.3' ],
369 silly audit   'cli-columns': [ '4.0.0' ],
369 silly audit   'cmd-shim': [ '7.0.0' ],
369 silly audit   'common-ancestor-path': [ '1.0.1' ],
369 silly audit   'cross-spawn': [ '7.0.6' ],
369 silly audit   cssesc: [ '3.0.0' ],
369 silly audit   diff: [ '7.0.0' ],
369 silly audit   eastasianwidth: [ '0.2.0' ],
369 silly audit   encoding: [ '0.1.13' ],
369 silly audit   'env-paths': [ '2.2.1' ],
369 silly audit   'err-code': [ '2.0.3' ],
369 silly audit   'exponential-backoff': [ '3.1.2' ],
369 silly audit   'fastest-levenshtein': [ '1.0.16' ],
369 silly audit   'foreground-child': [ '3.3.1' ],
369 silly audit   glob: [ '10.4.5' ],
369 silly audit   'hosted-git-info': [ '8.0.2' ],
369 silly audit   'http-cache-semantics': [ '4.1.1' ],
369 silly audit   'http-proxy-agent': [ '7.0.2' ],
369 silly audit   'https-proxy-agent': [ '7.0.6' ],
369 silly audit   'ignore-walk': [ '7.0.0' ],
369 silly audit   imurmurhash: [ '0.1.4' ],
369 silly audit   ini: [ '5.0.0' ],
369 silly audit   'init-package-json': [ '8.0.0' ],
369 silly audit   'ip-address': [ '9.0.5' ],
369 silly audit   'ip-regex': [ '5.0.0' ],
369 silly audit   'is-cidr': [ '5.1.1' ],
369 silly audit   jackspeak: [ '3.4.3' ],
369 silly audit   jsbn: [ '1.1.0' ],
369 silly audit   'json-parse-even-better-errors': [ '4.0.0' ],
369 silly audit   'json-stringify-nice': [ '1.1.4' ],
369 silly audit   jsonparse: [ '1.3.1' ],
369 silly audit   'just-diff': [ '6.0.2' ],
369 silly audit   'just-diff-apply': [ '5.5.0' ],
369 silly audit   libnpmaccess: [ '10.0.0' ],
369 silly audit   libnpmdiff: [ '8.0.1' ],
369 silly audit   libnpmexec: [ '10.1.0' ],
369 silly audit   libnpmfund: [ '7.0.1' ],
369 silly audit   libnpmorg: [ '8.0.0' ],
369 silly audit   libnpmpack: [ '9.0.1' ],
369 silly audit   libnpmpublish: [ '11.0.0' ],
369 silly audit   libnpmsearch: [ '9.0.0' ],
369 silly audit   libnpmteam: [ '8.0.0' ],
369 silly audit   libnpmversion: [ '8.0.0' ],
369 silly audit   'lru-cache': [ '10.4.3' ],
369 silly audit   'make-fetch-happen': [ '14.0.3' ],
369 silly audit   minimatch: [ '9.0.5' ],
369 silly audit   'minipass-collect': [ '2.0.1' ],
369 silly audit   'minipass-fetch': [ '4.0.0' ],
369 silly audit   'minipass-flush': [ '1.0.5' ],
369 silly audit   'minipass-pipeline': [ '1.2.4' ],
369 silly audit   'minipass-sized': [ '1.0.3' ],
369 silly audit   'node-gyp': [ '11.1.0' ],
369 silly audit   nopt: [ '8.1.0' ],
369 silly audit   'normalize-package-data': [ '7.0.0' ],
369 silly audit   'npm-audit-report': [ '6.0.0' ],
369 silly audit   'npm-bundled': [ '4.0.0' ],
369 silly audit   'npm-install-checks': [ '7.1.1' ],
369 silly audit   'npm-normalize-package-bin': [ '4.0.0' ],
369 silly audit   'npm-package-arg': [ '12.0.2' ],
369 silly audit   'npm-packlist': [ '10.0.0' ],
369 silly audit   'npm-pick-manifest': [ '10.0.0' ],
369 silly audit   'npm-profile': [ '11.0.1' ],
369 silly audit   'npm-registry-fetch': [ '18.0.2' ],
369 silly audit   'npm-user-validate': [ '3.0.0' ],
369 silly audit   'p-map': [ '7.0.3' ],
369 silly audit   'package-json-from-dist': [ '1.0.1' ],
369 silly audit   pacote: [ '21.0.0' ],
369 silly audit   'parse-conflict-json': [ '4.0.0' ],
369 silly audit   'path-key': [ '3.1.1' ],
369 silly audit   'path-scurry': [ '1.11.1' ],
369 silly audit   'postcss-selector-parser': [ '6.1.2' ],
369 silly audit   'proc-log': [ '5.0.0' ],
369 silly audit   proggy: [ '3.0.0' ],
369 silly audit   'promise-all-reject-late': [ '1.0.1' ],
369 silly audit   'promise-call-limit': [ '3.0.2' ],
369 silly audit   'promise-retry': [ '2.0.1' ],
369 silly audit   promzard: [ '2.0.0' ],
369 silly audit   'qrcode-terminal': [ '0.12.0' ],
369 silly audit   read: [ '4.1.0' ],
369 silly audit   'read-cmd-shim': [ '5.0.0' ],
369 silly audit   'read-package-json-fast': [ '4.0.0' ],
369 silly audit   retry: [ '0.12.0' ],
369 silly audit   rimraf: [ '5.0.10' ],
369 silly audit   'shebang-command': [ '2.0.0' ],
369 silly audit   'shebang-regex': [ '3.0.0' ],
369 silly audit   sigstore: [ '3.1.0' ],
369 silly audit   'smart-buffer': [ '4.2.0' ],
369 silly audit   socks: [ '2.8.4' ],
369 silly audit   'socks-proxy-agent': [ '8.0.5' ],
369 silly audit   'spdx-correct': [ '3.2.0' ],
369 silly audit   'spdx-exceptions': [ '2.5.0' ],
369 silly audit   'spdx-license-ids': [ '3.0.21' ],
369 silly audit   'sprintf-js': [ '1.1.3' ],
369 silly audit   ssri: [ '12.0.0' ],
369 silly audit   'text-table': [ '0.2.0' ],
369 silly audit   'tiny-relative-date': [ '1.3.0' ],
369 silly audit   treeverse: [ '3.0.0' ],
369 silly audit   'tuf-js': [ '3.0.1' ],
369 silly audit   'unique-filename': [ '4.0.0' ],
369 silly audit   'unique-slug': [ '5.0.0' ],
369 silly audit   'validate-npm-package-license': [ '3.0.4' ],
369 silly audit   'validate-npm-package-name': [ '6.0.0' ],
369 silly audit   'walk-up-path': [ '4.0.0' ],
369 silly audit   'write-file-atomic': [ '6.0.0' ]
369 silly audit }
370 http cache math-intrinsics@https://registry.npmjs.org/math-intrinsics/-/math-intrinsics-1.1.0.tgz 0ms (cache hit)
371 http cache has-symbols@https://registry.npmjs.org/has-symbols/-/has-symbols-1.1.0.tgz 0ms (cache hit)
372 http cache media-typer@https://registry.npmjs.org/media-typer/-/media-typer-1.1.0.tgz 0ms (cache hit)
373 http cache dunder-proto@https://registry.npmjs.org/dunder-proto/-/dunder-proto-1.0.1.tgz 0ms (cache hit)
374 http cache hasown@https://registry.npmjs.org/hasown/-/hasown-2.0.2.tgz 0ms (cache hit)
375 http cache get-proto@https://registry.npmjs.org/get-proto/-/get-proto-1.0.1.tgz 0ms (cache hit)
376 http cache gopd@https://registry.npmjs.org/gopd/-/gopd-1.2.0.tgz 0ms (cache hit)
377 http cache es-object-atoms@https://registry.npmjs.org/es-object-atoms/-/es-object-atoms-1.1.1.tgz 0ms (cache hit)
378 http cache es-define-property@https://registry.npmjs.org/es-define-property/-/es-define-property-1.0.1.tgz 0ms (cache hit)
379 http cache function-bind@https://registry.npmjs.org/function-bind/-/function-bind-1.1.2.tgz 0ms (cache hit)
380 http cache call-bind-apply-helpers@https://registry.npmjs.org/call-bind-apply-helpers/-/call-bind-apply-helpers-1.0.2.tgz 0ms (cache hit)
381 http cache get-intrinsic@https://registry.npmjs.org/get-intrinsic/-/get-intrinsic-1.3.0.tgz 0ms (cache hit)
382 http cache call-bound@https://registry.npmjs.org/call-bound/-/call-bound-1.0.4.tgz 0ms (cache hit)
383 http cache side-channel-list@https://registry.npmjs.org/side-channel-list/-/side-channel-list-1.0.0.tgz 1ms (cache hit)
384 http cache side-channel-map@https://registry.npmjs.org/side-channel-map/-/side-channel-map-1.0.1.tgz 0ms (cache hit)
385 http cache es-errors@https://registry.npmjs.org/es-errors/-/es-errors-1.3.0.tgz 0ms (cache hit)
386 http cache path-to-regexp@https://registry.npmjs.org/path-to-regexp/-/path-to-regexp-8.3.0.tgz 0ms (cache hit)
387 http cache object-inspect@https://registry.npmjs.org/object-inspect/-/object-inspect-1.13.4.tgz 0ms (cache hit)
388 http cache is-promise@https://registry.npmjs.org/is-promise/-/is-promise-4.0.0.tgz 0ms (cache hit)
389 http cache side-channel-weakmap@https://registry.npmjs.org/side-channel-weakmap/-/side-channel-weakmap-1.0.2.tgz 0ms (cache hit)
390 http cache unpipe@https://registry.npmjs.org/unpipe/-/unpipe-1.0.0.tgz 0ms (cache hit)
391 http cache side-channel@https://registry.npmjs.org/side-channel/-/side-channel-1.1.0.tgz 0ms (cache hit)
392 http cache forwarded@https://registry.npmjs.org/forwarded/-/forwarded-0.2.0.tgz 0ms (cache hit)
393 http cache wrappy@https://registry.npmjs.org/wrappy/-/wrappy-1.0.2.tgz 0ms (cache hit)
394 http cache ipaddr.js@https://registry.npmjs.org/ipaddr.js/-/ipaddr.js-1.9.1.tgz 0ms (cache hit)
395 http cache toidentifier@https://registry.npmjs.org/toidentifier/-/toidentifier-1.0.1.tgz 0ms (cache hit)
396 http cache setprototypeof@https://registry.npmjs.org/setprototypeof/-/setprototypeof-1.2.0.tgz 0ms (cache hit)
397 http cache bytes@https://registry.npmjs.org/bytes/-/bytes-3.1.2.tgz 0ms (cache hit)
398 http cache ee-first@https://registry.npmjs.org/ee-first/-/ee-first-1.1.1.tgz 0ms (cache hit)
399 http cache raw-body@https://registry.npmjs.org/raw-body/-/raw-body-3.0.2.tgz 0ms (cache hit)
400 http cache negotiator@https://registry.npmjs.org/negotiator/-/negotiator-1.0.0.tgz 0ms (cache hit)
401 http cache type-is@https://registry.npmjs.org/type-is/-/type-is-2.0.1.tgz 0ms (cache hit)
402 http cache statuses@https://registry.npmjs.org/statuses/-/statuses-2.0.2.tgz 0ms (cache hit)
403 http cache serve-static@https://registry.npmjs.org/serve-static/-/serve-static-2.2.1.tgz 0ms (cache hit)
404 http cache send@https://registry.npmjs.org/send/-/send-1.2.1.tgz 0ms (cache hit)
405 http cache range-parser@https://registry.npmjs.org/range-parser/-/range-parser-1.2.1.tgz 1ms (cache hit)
406 http cache vary@https://registry.npmjs.org/vary/-/vary-1.1.2.tgz 0ms (cache hit)
407 http cache router@https://registry.npmjs.org/router/-/router-2.2.0.tgz 0ms (cache hit)
408 http cache qs@https://registry.npmjs.org/qs/-/qs-6.14.1.tgz 0ms (cache hit)
409 http cache parseurl@https://registry.npmjs.org/parseurl/-/parseurl-1.3.3.tgz 0ms (cache hit)
410 http cache proxy-addr@https://registry.npmjs.org/proxy-addr/-/proxy-addr-2.0.7.tgz 1ms (cache hit)
411 http cache on-finished@https://registry.npmjs.org/on-finished/-/on-finished-2.4.1.tgz 0ms (cache hit)
412 http cache once@https://registry.npmjs.org/once/-/once-1.4.0.tgz 0ms (cache hit)
413 http cache merge-descriptors@https://registry.npmjs.org/merge-descriptors/-/merge-descriptors-2.0.0.tgz 0ms (cache hit)
414 http cache http-errors@https://registry.npmjs.org/http-errors/-/http-errors-2.0.1.tgz 0ms (cache hit)
415 http cache escape-html@https://registry.npmjs.org/escape-html/-/escape-html-1.0.3.tgz 0ms (cache hit)
416 http cache finalhandler@https://registry.npmjs.org/finalhandler/-/finalhandler-2.1.1.tgz 0ms (cache hit)
417 http cache etag@https://registry.npmjs.org/etag/-/etag-1.8.1.tgz 0ms (cache hit)
418 http cache debug@https://registry.npmjs.org/debug/-/debug-4.4.3.tgz 0ms (cache hit)
419 http cache encodeurl@https://registry.npmjs.org/encodeurl/-/encodeurl-2.0.0.tgz 0ms (cache hit)
420 http cache fresh@https://registry.npmjs.org/fresh/-/fresh-2.0.0.tgz 0ms (cache hit)
421 http cache depd@https://registry.npmjs.org/depd/-/depd-2.0.0.tgz 0ms (cache hit)
422 http cache cookie-signature@https://registry.npmjs.org/cookie-signature/-/cookie-signature-1.2.2.tgz 0ms (cache hit)
423 http cache cookie@https://registry.npmjs.org/cookie/-/cookie-0.7.2.tgz 0ms (cache hit)
424 http cache content-disposition@https://registry.npmjs.org/content-disposition/-/content-disposition-1.0.1.tgz 0ms (cache hit)
425 http cache accepts@https://registry.npmjs.org/accepts/-/accepts-2.0.0.tgz 0ms (cache hit)
426 http cache iconv-lite@https://registry.npmjs.org/iconv-lite/-/iconv-lite-0.7.2.tgz 0ms (cache hit)
427 http cache mime-db@https://registry.npmjs.org/mime-db/-/mime-db-1.54.0.tgz 0ms (cache hit)
428 http cache express@https://registry.npmjs.org/express/-/express-5.2.1.tgz 0ms (cache hit)
429 http cache content-type@https://registry.npmjs.org/content-type/-/content-type-1.0.5.tgz 0ms (cache hit)
430 http cache mime-db@https://registry.npmjs.org/mime-db/-/mime-db-1.54.0.tgz 0ms (cache hit)
431 http cache body-parser@https://registry.npmjs.org/body-parser/-/body-parser-2.2.2.tgz 0ms (cache hit)
432 http cache mime-types@https://registry.npmjs.org/mime-types/-/mime-types-3.0.2.tgz 0ms (cache hit)
433 http cache mime-db@https://registry.npmjs.org/mime-db/-/mime-db-1.54.0.tgz 0ms (cache hit)
434 http cache mime-types@https://registry.npmjs.org/mime-types/-/mime-types-3.0.2.tgz 0ms (cache hit)
435 http cache mime-types@https://registry.npmjs.org/mime-types/-/mime-types-3.0.2.tgz 0ms (cache hit)
436 http cache mime-types@https://registry.npmjs.org/mime-types/-/mime-types-3.0.2.tgz 0ms (cache hit)
437 http cache iconv-lite@https://registry.npmjs.org/iconv-lite/-/iconv-lite-0.7.2.tgz 0ms (cache hit)
438 silly tarball no local data for math-intrinsics@https://registry.npmjs.org/math-intrinsics/-/math-intrinsics-1.1.0.tgz. Extracting by manifest.
439 silly tarball no local data for has-symbols@https://registry.npmjs.org/has-symbols/-/has-symbols-1.1.0.tgz. Extracting by manifest.
440 http cache mime-db@https://registry.npmjs.org/mime-db/-/mime-db-1.54.0.tgz 0ms (cache hit)
441 silly tarball no local data for media-typer@https://registry.npmjs.org/media-typer/-/media-typer-1.1.0.tgz. Extracting by manifest.
442 silly tarball no local data for dunder-proto@https://registry.npmjs.org/dunder-proto/-/dunder-proto-1.0.1.tgz. Extracting by manifest.
443 silly tarball no local data for hasown@https://registry.npmjs.org/hasown/-/hasown-2.0.2.tgz. Extracting by manifest.
444 silly tarball no local data for get-proto@https://registry.npmjs.org/get-proto/-/get-proto-1.0.1.tgz. Extracting by manifest.
445 silly tarball no local data for gopd@https://registry.npmjs.org/gopd/-/gopd-1.2.0.tgz. Extracting by manifest.
446 silly tarball no local data for es-object-atoms@https://registry.npmjs.org/es-object-atoms/-/es-object-atoms-1.1.1.tgz. Extracting by manifest.
447 silly tarball no local data for es-define-property@https://registry.npmjs.org/es-define-property/-/es-define-property-1.0.1.tgz. Extracting by manifest.
448 silly tarball no local data for function-bind@https://registry.npmjs.org/function-bind/-/function-bind-1.1.2.tgz. Extracting by manifest.
449 silly tarball no local data for call-bind-apply-helpers@https://registry.npmjs.org/call-bind-apply-helpers/-/call-bind-apply-helpers-1.0.2.tgz. Extracting by manifest.
450 silly tarball no local data for get-intrinsic@https://registry.npmjs.org/get-intrinsic/-/get-intrinsic-1.3.0.tgz. Extracting by manifest.
451 silly tarball no local data for call-bound@https://registry.npmjs.org/call-bound/-/call-bound-1.0.4.tgz. Extracting by manifest.
452 silly tarball no local data for side-channel-list@https://registry.npmjs.org/side-channel-list/-/side-channel-list-1.0.0.tgz. Extracting by manifest.
453 silly tarball no local data for side-channel-map@https://registry.npmjs.org/side-channel-map/-/side-channel-map-1.0.1.tgz. Extracting by manifest.
454 silly tarball no local data for es-errors@https://registry.npmjs.org/es-errors/-/es-errors-1.3.0.tgz. Extracting by manifest.
455 silly tarball no local data for path-to-regexp@https://registry.npmjs.org/path-to-regexp/-/path-to-regexp-8.3.0.tgz. Extracting by manifest.
456 silly tarball no local data for object-inspect@https://registry.npmjs.org/object-inspect/-/object-inspect-1.13.4.tgz. Extracting by manifest.
457 silly tarball no local data for is-promise@https://registry.npmjs.org/is-promise/-/is-promise-4.0.0.tgz. Extracting by manifest.
458 silly tarball no local data for side-channel-weakmap@https://registry.npmjs.org/side-channel-weakmap/-/side-channel-weakmap-1.0.2.tgz. Extracting by manifest.
459 silly tarball no local data for unpipe@https://registry.npmjs.org/unpipe/-/unpipe-1.0.0.tgz. Extracting by manifest.
460 silly tarball no local data for side-channel@https://registry.npmjs.org/side-channel/-/side-channel-1.1.0.tgz. Extracting by manifest.
461 silly tarball no local data for forwarded@https://registry.npmjs.org/forwarded/-/forwarded-0.2.0.tgz. Extracting by manifest.
462 silly tarball no local data for wrappy@https://registry.npmjs.org/wrappy/-/wrappy-1.0.2.tgz. Extracting by manifest.
463 silly tarball no local data for ipaddr.js@https://registry.npmjs.org/ipaddr.js/-/ipaddr.js-1.9.1.tgz. Extracting by manifest.
464 silly tarball no local data for toidentifier@https://registry.npmjs.org/toidentifier/-/toidentifier-1.0.1.tgz. Extracting by manifest.
465 silly tarball no local data for setprototypeof@https://registry.npmjs.org/setprototypeof/-/setprototypeof-1.2.0.tgz. Extracting by manifest.
466 silly tarball no local data for bytes@https://registry.npmjs.org/bytes/-/bytes-3.1.2.tgz. Extracting by manifest.
467 silly tarball no local data for ee-first@https://registry.npmjs.org/ee-first/-/ee-first-1.1.1.tgz. Extracting by manifest.
468 silly tarball no local data for raw-body@https://registry.npmjs.org/raw-body/-/raw-body-3.0.2.tgz. Extracting by manifest.
469 silly tarball no local data for negotiator@https://registry.npmjs.org/negotiator/-/negotiator-1.0.0.tgz. Extracting by manifest.
470 silly tarball no local data for type-is@https://registry.npmjs.org/type-is/-/type-is-2.0.1.tgz. Extracting by manifest.
471 silly tarball no local data for statuses@https://registry.npmjs.org/statuses/-/statuses-2.0.2.tgz. Extracting by manifest.
472 silly tarball no local data for serve-static@https://registry.npmjs.org/serve-static/-/serve-static-2.2.1.tgz. Extracting by manifest.
473 silly tarball no local data for send@https://registry.npmjs.org/send/-/send-1.2.1.tgz. Extracting by manifest.
474 silly tarball no local data for range-parser@https://registry.npmjs.org/range-parser/-/range-parser-1.2.1.tgz. Extracting by manifest.
475 silly tarball no local data for vary@https://registry.npmjs.org/vary/-/vary-1.1.2.tgz. Extracting by manifest.
476 silly tarball no local data for router@https://registry.npmjs.org/router/-/router-2.2.0.tgz. Extracting by manifest.
477 silly tarball no local data for qs@https://registry.npmjs.org/qs/-/qs-6.14.1.tgz. Extracting by manifest.
478 silly tarball no local data for parseurl@https://registry.npmjs.org/parseurl/-/parseurl-1.3.3.tgz. Extracting by manifest.
479 silly tarball no local data for proxy-addr@https://registry.npmjs.org/proxy-addr/-/proxy-addr-2.0.7.tgz. Extracting by manifest.
480 silly tarball no local data for on-finished@https://registry.npmjs.org/on-finished/-/on-finished-2.4.1.tgz. Extracting by manifest.
481 silly tarball no local data for once@https://registry.npmjs.org/once/-/once-1.4.0.tgz. Extracting by manifest.
482 silly tarball no local data for merge-descriptors@https://registry.npmjs.org/merge-descriptors/-/merge-descriptors-2.0.0.tgz. Extracting by manifest.
483 silly tarball no local data for http-errors@https://registry.npmjs.org/http-errors/-/http-errors-2.0.1.tgz. Extracting by manifest.
484 silly tarball no local data for escape-html@https://registry.npmjs.org/escape-html/-/escape-html-1.0.3.tgz. Extracting by manifest.
485 silly tarball no local data for finalhandler@https://registry.npmjs.org/finalhandler/-/finalhandler-2.1.1.tgz. Extracting by manifest.
486 silly tarball no local data for etag@https://registry.npmjs.org/etag/-/etag-1.8.1.tgz. Extracting by manifest.
487 silly tarball no local data for debug@https://registry.npmjs.org/debug/-/debug-4.4.3.tgz. Extracting by manifest.
488 silly tarball no local data for encodeurl@https://registry.npmjs.org/encodeurl/-/encodeurl-2.0.0.tgz. Extracting by manifest.
489 silly tarball no local data for fresh@https://registry.npmjs.org/fresh/-/fresh-2.0.0.tgz. Extracting by manifest.
490 silly tarball no local data for depd@https://registry.npmjs.org/depd/-/depd-2.0.0.tgz. Extracting by manifest.
491 silly tarball no local data for cookie-signature@https://registry.npmjs.org/cookie-signature/-/cookie-signature-1.2.2.tgz. Extracting by manifest.
492 silly tarball no local data for cookie@https://registry.npmjs.org/cookie/-/cookie-0.7.2.tgz. Extracting by manifest.
493 silly tarball no local data for content-disposition@https://registry.npmjs.org/content-disposition/-/content-disposition-1.0.1.tgz. Extracting by manifest.
494 silly tarball no local data for accepts@https://registry.npmjs.org/accepts/-/accepts-2.0.0.tgz. Extracting by manifest.
495 silly tarball no local data for iconv-lite@https://registry.npmjs.org/iconv-lite/-/iconv-lite-0.7.2.tgz. Extracting by manifest.
496 silly tarball no local data for mime-db@https://registry.npmjs.org/mime-db/-/mime-db-1.54.0.tgz. Extracting by manifest.
497 silly tarball no local data for express@https://registry.npmjs.org/express/-/express-5.2.1.tgz. Extracting by manifest.
498 silly tarball no local data for content-type@https://registry.npmjs.org/content-type/-/content-type-1.0.5.tgz. Extracting by manifest.
499 silly tarball no local data for mime-db@https://registry.npmjs.org/mime-db/-/mime-db-1.54.0.tgz. Extracting by manifest.
500 silly tarball no local data for body-parser@https://registry.npmjs.org/body-parser/-/body-parser-2.2.2.tgz. Extracting by manifest.
501 silly tarball no local data for mime-types@https://registry.npmjs.org/mime-types/-/mime-types-3.0.2.tgz. Extracting by manifest.
502 silly tarball no local data for mime-db@https://registry.npmjs.org/mime-db/-/mime-db-1.54.0.tgz. Extracting by manifest.
503 silly tarball no local data for mime-types@https://registry.npmjs.org/mime-types/-/mime-types-3.0.2.tgz. Extracting by manifest.
504 silly tarball no local data for mime-types@https://registry.npmjs.org/mime-types/-/mime-types-3.0.2.tgz. Extracting by manifest.
505 silly tarball no local data for mime-types@https://registry.npmjs.org/mime-types/-/mime-types-3.0.2.tgz. Extracting by manifest.
506 silly tarball no local data for iconv-lite@https://registry.npmjs.org/iconv-lite/-/iconv-lite-0.7.2.tgz. Extracting by manifest.
507 silly tarball no local data for mime-db@https://registry.npmjs.org/mime-db/-/mime-db-1.54.0.tgz. Extracting by manifest.
508 http fetch POST 200 https://registry.npmjs.org/-/npm/v1/security/advisories/bulk 384ms
509 silly audit report {
509 silly audit report   '@angular/common': [
509 silly audit report     {
509 silly audit report       id: 1111063,
509 silly audit report       url: 'https://github.com/advisories/GHSA-58c5-g7wp-6w37',
509 silly audit report       title: 'Angular is Vulnerable to XSRF Token Leakage via Protocol-Relative URLs in Angular HTTP Client',
509 silly audit report       severity: 'high',
509 silly audit report       vulnerable_versions: '<19.2.16',
509 silly audit report       cwe: [Array],
509 silly audit report       cvss: [Object]
509 silly audit report     }
509 silly audit report   ],
509 silly audit report   '@angular/compiler': [
509 silly audit report     {
509 silly audit report       id: 1111180,
509 silly audit report       url: 'https://github.com/advisories/GHSA-v4hv-rgfq-gp49',
509 silly audit report       title: 'Angular Stored XSS Vulnerability via SVG Animation, SVG URL and MathML Attributes',
509 silly audit report       severity: 'high',
509 silly audit report       vulnerable_versions: '<=18.2.14',
509 silly audit report       cwe: [Array],
509 silly audit report       cvss: [Object]
509 silly audit report     },
509 silly audit report     {
509 silly audit report       id: 1112156,
509 silly audit report       url: 'https://github.com/advisories/GHSA-jrmj-c5cx-3cw6',
509 silly audit report       title: 'Angular has XSS Vulnerability via Unsanitized SVG Script Attributes',
509 silly audit report       severity: 'high',
509 silly audit report       vulnerable_versions: '<=18.2.14',
509 silly audit report       cwe: [Array],
509 silly audit report       cvss: [Object]
509 silly audit report     }
509 silly audit report   ],
509 silly audit report   '@angular/core': [
509 silly audit report     {
509 silly audit report       id: 1112155,
509 silly audit report       url: 'https://github.com/advisories/GHSA-jrmj-c5cx-3cw6',
509 silly audit report       title: 'Angular has XSS Vulnerability via Unsanitized SVG Script Attributes',
509 silly audit report       severity: 'high',
509 silly audit report       vulnerable_versions: '<=18.2.14',
509 silly audit report       cwe: [Array],
509 silly audit report       cvss: [Object]
509 silly audit report     }
509 silly audit report   ],
509 silly audit report   axios: [
509 silly audit report     {
509 silly audit report       id: 1111035,
509 silly audit report       url: 'https://github.com/advisories/GHSA-jr5f-v2jv-69x6',
509 silly audit report       title: 'axios Requests Vulnerable To Possible SSRF and Credential Leakage via Absolute URL',
509 silly audit report       severity: 'high',
509 silly audit report       vulnerable_versions: '>=1.0.0 <1.8.2',
509 silly audit report       cwe: [Array],
509 silly audit report       cvss: [Object]
509 silly audit report     },
509 silly audit report     {
509 silly audit report       id: 1112195,
509 silly audit report       url: 'https://github.com/advisories/GHSA-4hjh-wcwx-xvwj',
509 silly audit report       title: 'Axios is vulnerable to DoS attack through lack of data size check',
509 silly audit report       severity: 'high',
509 silly audit report       vulnerable_versions: '>=1.0.0 <1.12.0',
509 silly audit report       cwe: [Array],
509 silly audit report       cvss: [Object]
509 silly audit report     }
509 silly audit report   ],
509 silly audit report   'form-data': [
509 silly audit report     {
509 silly audit report       id: 1109538,
509 silly audit report       url: 'https://github.com/advisories/GHSA-fjxv-7rqg-78g4',
509 silly audit report       title: 'form-data uses unsafe random function in form-data for choosing boundary',
509 silly audit report       severity: 'critical',
509 silly audit report       vulnerable_versions: '>=4.0.0 <4.0.4',
509 silly audit report       cwe: [Array],
509 silly audit report       cvss: [Object]
509 silly audit report     }
509 silly audit report   ],
509 silly audit report   git: [
509 silly audit report     {
509 silly audit report       id: 1088754,
509 silly audit report       url: 'https://github.com/advisories/GHSA-9gqr-xp86-f87h',
509 silly audit report       title: 'Code injection in npm git',
509 silly audit report       severity: 'moderate',
509 silly audit report       vulnerable_versions: '<=0.1.5',
509 silly audit report       cwe: [Array],
509 silly audit report       cvss: [Object]
509 silly audit report     }
509 silly audit report   ],
509 silly audit report   jspdf: [
509 silly audit report     {
509 silly audit report       id: 1112264,
509 silly audit report       url: 'https://github.com/advisories/GHSA-f8cm-6447-x5h2',
509 silly audit report       title: 'jsPDF has Local File Inclusion/Path Traversal vulnerability',
509 silly audit report       severity: 'critical',
509 silly audit report       vulnerable_versions: '<=3.0.4',
509 silly audit report       cwe: [Array],
509 silly audit report       cvss: [Object]
509 silly audit report     }
509 silly audit report   ],
509 silly audit report   lodash: [
509 silly audit report     {
509 silly audit report       id: 1112455,
509 silly audit report       url: 'https://github.com/advisories/GHSA-xxjr-mmjv-4gpg',
509 silly audit report       title: 'Lodash has Prototype Pollution Vulnerability in `_.unset` and `_.omit` functions',
509 silly audit report       severity: 'moderate',
509 silly audit report       vulnerable_versions: '>=4.0.0 <=4.17.22',
509 silly audit report       cwe: [Array],
509 silly audit report       cvss: [Object]
509 silly audit report     }
509 silly audit report   ],
509 silly audit report   mime: [
509 silly audit report     {
509 silly audit report       id: 1093780,
509 silly audit report       url: 'https://github.com/advisories/GHSA-wrvr-8mpx-r7pp',
509 silly audit report       title: 'mime Regular Expression Denial of Service when MIME lookup performed on untrusted user input',
509 silly audit report       severity: 'high',
509 silly audit report       vulnerable_versions: '<1.4.1',
509 silly audit report       cwe: [Array],
509 silly audit report       cvss: [Object]
509 silly audit report     }
509 silly audit report   ],
509 silly audit report   tar: [
509 silly audit report     {
509 silly audit report       id: 1112255,
509 silly audit report       url: 'https://github.com/advisories/GHSA-8qq5-rm4j-mr97',
509 silly audit report       title: 'node-tar is Vulnerable to Arbitrary File Overwrite and Symlink Poisoning via Insufficient Path Sanitization',
509 silly audit report       severity: 'high',
509 silly audit report       vulnerable_versions: '<=7.5.2',
509 silly audit report       cwe: [Array],
509 silly audit report       cvss: [Object]
509 silly audit report     },
509 silly audit report     {
509 silly audit report       id: 1112329,
509 silly audit report       url: 'https://github.com/advisories/GHSA-r6q2-hw4h-h46w',
509 silly audit report       title: 'Race Condition in node-tar Path Reservations via Unicode Ligature Collisions on macOS APFS',
509 silly audit report       severity: 'high',
509 silly audit report       vulnerable_versions: '<=7.5.3',
509 silly audit report       cwe: [Array],
509 silly audit report       cvss: [Object]
509 silly audit report     },
509 silly audit report     {
509 silly audit report       id: 1112659,
509 silly audit report       url: 'https://github.com/advisories/GHSA-34x7-hfp2-rc4v',
509 silly audit report       title: 'node-tar Vulnerable to Arbitrary File Creation/Overwrite via Hardlink Path Traversal',
509 silly audit report       severity: 'high',
509 silly audit report       vulnerable_versions: '<7.5.7',
509 silly audit report       cwe: [Array],
509 silly audit report       cvss: [Object]
509 silly audit report     }
509 silly audit report   ],
509 silly audit report   tmp: [
509 silly audit report     {
509 silly audit report       id: 1109537,
509 silly audit report       url: 'https://github.com/advisories/GHSA-52f5-9888-hmc6',
509 silly audit report       title: 'tmp allows arbitrary temporary file / directory write via symbolic link `dir` parameter',
509 silly audit report       severity: 'low',
509 silly audit report       vulnerable_versions: '<=0.2.3',
509 silly audit report       cwe: [Array],
509 silly audit report       cvss: [Object]
509 silly audit report     }
509 silly audit report   ],
509 silly audit report   undici: [
509 silly audit report     {
509 silly audit report       id: 1101609,
509 silly audit report       url: 'https://github.com/advisories/GHSA-c76h-2ccp-4975',
509 silly audit report       title: 'Use of Insufficiently Random Values in undici',
509 silly audit report       severity: 'moderate',
509 silly audit report       vulnerable_versions: '>=6.0.0 <6.21.1',
509 silly audit report       cwe: [Array],
509 silly audit report       cvss: [Object]
509 silly audit report     },
509 silly audit report     {
509 silly audit report       id: 1104500,
509 silly audit report       url: 'https://github.com/advisories/GHSA-cxrh-j4jr-qwg3',
509 silly audit report       title: 'undici Denial of Service attack via bad certificate data',
509 silly audit report       severity: 'low',
509 silly audit report       vulnerable_versions: '>=6.0.0 <6.21.2',
509 silly audit report       cwe: [Array],
509 silly audit report       cvss: [Object]
509 silly audit report     },
509 silly audit report     {
509 silly audit report       id: 1112496,
509 silly audit report       url: 'https://github.com/advisories/GHSA-g9mf-h72j-4rw9',
509 silly audit report       title: 'Undici has an unbounded decompression chain in HTTP responses on Node.js Fetch API via Content-Encoding leads to resource exhaustion',
509 silly audit report       severity: 'moderate',
509 silly audit report       vulnerable_versions: '<6.23.0',
509 silly audit report       cwe: [Array],
509 silly audit report       cvss: [Object]
509 silly audit report     }
509 silly audit report   ],
509 silly audit report   'brace-expansion': [
509 silly audit report     {
509 silly audit report       id: 1105444,
509 silly audit report       url: 'https://github.com/advisories/GHSA-v6h2-p8h4-qcjw',
509 silly audit report       title: 'brace-expansion Regular Expression Denial of Service vulnerability',
509 silly audit report       severity: 'low',
509 silly audit report       vulnerable_versions: '>=2.0.0 <=2.0.1',
509 silly audit report       cwe: [Array],
509 silly audit report       cvss: [Object]
509 silly audit report     }
509 silly audit report   ],
509 silly audit report   diff: [
509 silly audit report     {
509 silly audit report       id: 1112491,
509 silly audit report       url: 'https://github.com/advisories/GHSA-73rr-hh4g-fpgx',
509 silly audit report       title: 'jsdiff has a Denial of Service vulnerability in parsePatch and applyPatch',
509 silly audit report       severity: 'low',
509 silly audit report       vulnerable_versions: '>=6.0.0 <8.0.3',
509 silly audit report       cwe: [Array],
509 silly audit report       cvss: [Object]
509 silly audit report     }
509 silly audit report   ],
509 silly audit report   glob: [
509 silly audit report     {
509 silly audit report       id: 1109842,
509 silly audit report       url: 'https://github.com/advisories/GHSA-5j98-mcp5-4vw2',
509 silly audit report       title: 'glob CLI: Command injection via -c/--cmd executes matches with shell:true',
509 silly audit report       severity: 'high',
509 silly audit report       vulnerable_versions: '>=10.2.0 <10.5.0',
509 silly audit report       cwe: [Array],
509 silly audit report       cvss: [Object]
509 silly audit report     }
509 silly audit report   ]
509 silly audit report }
510 silly packumentCache corgi:https://registry.npmjs.org/@angular%2fcommon cache-miss
511 silly packumentCache corgi:https://registry.npmjs.org/@angular%2fcompiler cache-miss
512 silly packumentCache corgi:https://registry.npmjs.org/@angular%2fcore cache-miss
513 silly packumentCache corgi:https://registry.npmjs.org/axios cache-miss
514 silly packumentCache corgi:https://registry.npmjs.org/form-data cache-miss
515 silly packumentCache corgi:https://registry.npmjs.org/git cache-miss
516 silly packumentCache corgi:https://registry.npmjs.org/jspdf cache-miss
517 silly packumentCache corgi:https://registry.npmjs.org/lodash cache-miss
518 silly packumentCache corgi:https://registry.npmjs.org/mime cache-miss
519 silly packumentCache corgi:https://registry.npmjs.org/tar cache-miss
520 silly packumentCache corgi:https://registry.npmjs.org/tmp cache-miss
521 silly packumentCache corgi:https://registry.npmjs.org/undici cache-miss
522 silly packumentCache corgi:https://registry.npmjs.org/brace-expansion cache-miss
523 silly packumentCache corgi:https://registry.npmjs.org/diff cache-miss
524 silly packumentCache corgi:https://registry.npmjs.org/glob cache-miss
525 http fetch GET 200 https://registry.npmjs.org/media-typer/-/media-typer-1.1.0.tgz 396ms (cache miss)
526 http fetch GET 200 https://registry.npmjs.org/unpipe/-/unpipe-1.0.0.tgz 482ms (cache miss)
527 http fetch GET 200 https://registry.npmjs.org/toidentifier/-/toidentifier-1.0.1.tgz 548ms (cache miss)
528 http fetch GET 200 https://registry.npmjs.org/wrappy/-/wrappy-1.0.2.tgz 550ms (cache miss)
529 http fetch GET 200 https://registry.npmjs.org/setprototypeof/-/setprototypeof-1.2.0.tgz 550ms (cache miss)
530 http fetch GET 200 https://registry.npmjs.org/is-promise/-/is-promise-4.0.0.tgz 578ms (cache miss)
531 http fetch GET 200 https://registry.npmjs.org/forwarded/-/forwarded-0.2.0.tgz 577ms (cache miss)
532 http fetch GET 200 https://registry.npmjs.org/ee-first/-/ee-first-1.1.1.tgz 619ms (cache miss)
533 http fetch GET 200 https://registry.npmjs.org/bytes/-/bytes-3.1.2.tgz 661ms (cache miss)
534 http fetch GET 200 https://registry.npmjs.org/send/-/send-1.2.1.tgz 666ms (cache miss)
535 http fetch GET 200 https://registry.npmjs.org/serve-static/-/serve-static-2.2.1.tgz 674ms (cache miss)
536 http fetch GET 200 https://registry.npmjs.org/escape-html/-/escape-html-1.0.3.tgz 670ms (cache miss)
537 http fetch GET 200 https://registry.npmjs.org/once/-/once-1.4.0.tgz 677ms (cache miss)
538 http cache https://registry.npmjs.org/axios 376ms (cache hit)
539 silly packumentCache corgi:https://registry.npmjs.org/axios set size:267100 disposed:false
540 http cache https://registry.npmjs.org/@angular%2fcommon 386ms (cache hit)
541 silly packumentCache corgi:https://registry.npmjs.org/@angular%2fcommon set size:1120328 disposed:false
542 http cache https://registry.npmjs.org/jspdf 395ms (cache hit)
543 silly packumentCache corgi:https://registry.npmjs.org/jspdf set size:62022 disposed:false
544 http cache https://registry.npmjs.org/lodash 397ms (cache hit)
545 silly packumentCache corgi:https://registry.npmjs.org/lodash set size:68481 disposed:false
546 http cache https://registry.npmjs.org/git 398ms (cache hit)
547 silly packumentCache corgi:https://registry.npmjs.org/git set size:3890 disposed:false
548 http cache https://registry.npmjs.org/@angular%2fcompiler 402ms (cache hit)
549 silly packumentCache corgi:https://registry.npmjs.org/@angular%2fcompiler set size:1096959 disposed:false
550 http cache https://registry.npmjs.org/tmp 413ms (cache hit)
551 silly packumentCache corgi:https://registry.npmjs.org/tmp set size:23979 disposed:false
552 http cache https://registry.npmjs.org/form-data 418ms (cache hit)
553 silly packumentCache corgi:https://registry.npmjs.org/form-data set size:51426 disposed:false
554 http cache https://registry.npmjs.org/tar 418ms (cache hit)
555 silly packumentCache corgi:https://registry.npmjs.org/tar set size:193604 disposed:false
556 http cache https://registry.npmjs.org/brace-expansion 418ms (cache hit)
557 silly packumentCache corgi:https://registry.npmjs.org/brace-expansion set size:16192 disposed:false
558 http cache https://registry.npmjs.org/@angular%2fcore 426ms (cache hit)
559 silly packumentCache corgi:https://registry.npmjs.org/@angular%2fcore set size:1120522 disposed:false
560 http cache https://registry.npmjs.org/mime 436ms (cache hit)
561 silly packumentCache corgi:https://registry.npmjs.org/mime set size:48115 disposed:false
562 http cache https://registry.npmjs.org/diff 436ms (cache hit)
563 silly packumentCache corgi:https://registry.npmjs.org/diff set size:65404 disposed:false
564 http cache https://registry.npmjs.org/glob 437ms (cache hit)
565 silly packumentCache corgi:https://registry.npmjs.org/glob set size:159574 disposed:false
566 http cache https://registry.npmjs.org/undici 442ms (cache hit)
567 silly packumentCache corgi:https://registry.npmjs.org/undici set size:405556 disposed:false
568 silly packumentCache corgi:https://registry.npmjs.org/@angular%2ffire cache-miss
569 silly packumentCache corgi:https://registry.npmjs.org/@angular%2fplatform-browser cache-miss
570 silly packumentCache corgi:https://registry.npmjs.org/@angular%2fplatform-browser-dynamic cache-miss
571 http fetch GET 200 https://registry.npmjs.org/type-is/-/type-is-2.0.1.tgz 771ms (cache miss)
572 http fetch GET 200 https://registry.npmjs.org/vary/-/vary-1.1.2.tgz 788ms (cache miss)
573 http fetch GET 200 https://registry.npmjs.org/http-errors/-/http-errors-2.0.1.tgz 785ms (cache miss)
574 http fetch GET 200 https://registry.npmjs.org/encodeurl/-/encodeurl-2.0.0.tgz 784ms (cache miss)
575 http fetch GET 200 https://registry.npmjs.org/on-finished/-/on-finished-2.4.1.tgz 801ms (cache miss)
576 http fetch GET 200 https://registry.npmjs.org/parseurl/-/parseurl-1.3.3.tgz 803ms (cache miss)
577 http fetch GET 200 https://registry.npmjs.org/proxy-addr/-/proxy-addr-2.0.7.tgz 804ms (cache miss)
578 http fetch GET 200 https://registry.npmjs.org/ipaddr.js/-/ipaddr.js-1.9.1.tgz 823ms (cache miss)
579 http fetch GET 200 https://registry.npmjs.org/statuses/-/statuses-2.0.2.tgz 821ms (cache miss)
580 http fetch GET 200 https://registry.npmjs.org/hasown/-/hasown-2.0.2.tgz 843ms (cache miss)
581 http fetch GET 200 https://registry.npmjs.org/path-to-regexp/-/path-to-regexp-8.3.0.tgz 839ms (cache miss)
582 http fetch GET 200 https://registry.npmjs.org/etag/-/etag-1.8.1.tgz 833ms (cache miss)
583 http fetch GET 200 https://registry.npmjs.org/merge-descriptors/-/merge-descriptors-2.0.0.tgz 843ms (cache miss)
584 http fetch GET 200 https://registry.npmjs.org/accepts/-/accepts-2.0.0.tgz 839ms (cache miss)
585 http fetch GET 200 https://registry.npmjs.org/content-disposition/-/content-disposition-1.0.1.tgz 841ms (cache miss)
586 http fetch GET 200 https://registry.npmjs.org/cookie/-/cookie-0.7.2.tgz 852ms (cache miss)
587 http fetch GET 200 https://registry.npmjs.org/cookie-signature/-/cookie-signature-1.2.2.tgz 853ms (cache miss)
588 http fetch GET 200 https://registry.npmjs.org/fresh/-/fresh-2.0.0.tgz 862ms (cache miss)
589 http fetch GET 200 https://registry.npmjs.org/content-type/-/content-type-1.0.5.tgz 862ms (cache miss)
590 http fetch GET 200 https://registry.npmjs.org/raw-body/-/raw-body-3.0.2.tgz 881ms (cache miss)
591 http fetch GET 200 https://registry.npmjs.org/es-define-property/-/es-define-property-1.0.1.tgz 915ms (cache miss)
592 http fetch GET 200 https://registry.npmjs.org/range-parser/-/range-parser-1.2.1.tgz 899ms (cache miss)
593 http fetch GET 200 https://registry.npmjs.org/depd/-/depd-2.0.0.tgz 899ms (cache miss)
594 http fetch GET 200 https://registry.npmjs.org/mime-types/-/mime-types-3.0.2.tgz 894ms (cache miss)
595 http fetch GET 200 https://registry.npmjs.org/mime-types/-/mime-types-3.0.2.tgz 893ms (cache miss)
596 http fetch GET 200 https://registry.npmjs.org/mime-types/-/mime-types-3.0.2.tgz 895ms (cache miss)
597 http fetch GET 200 https://registry.npmjs.org/finalhandler/-/finalhandler-2.1.1.tgz 914ms (cache miss)
598 http fetch GET 200 https://registry.npmjs.org/gopd/-/gopd-1.2.0.tgz 939ms (cache miss)
599 http fetch GET 200 https://registry.npmjs.org/side-channel-map/-/side-channel-map-1.0.1.tgz 943ms (cache miss)
600 http cache https://registry.npmjs.org/@angular%2ffire 177ms (cache hit)
601 silly packumentCache corgi:https://registry.npmjs.org/@angular%2ffire set size:592101 disposed:false
602 http cache https://registry.npmjs.org/@angular%2fplatform-browser 185ms (cache hit)
603 silly packumentCache corgi:https://registry.npmjs.org/@angular%2fplatform-browser set size:1225829 disposed:false
604 http cache https://registry.npmjs.org/@angular%2fplatform-browser-dynamic 199ms (cache hit)
605 silly packumentCache corgi:https://registry.npmjs.org/@angular%2fplatform-browser-dynamic set size:1254013 disposed:false
606 http fetch GET 200 https://registry.npmjs.org/function-bind/-/function-bind-1.1.2.tgz 1000ms (cache miss)
607 http fetch GET 200 https://registry.npmjs.org/side-channel/-/side-channel-1.1.0.tgz 994ms (cache miss)
608 http fetch GET 200 https://registry.npmjs.org/side-channel-weakmap/-/side-channel-weakmap-1.0.2.tgz 1001ms (cache miss)
609 http fetch GET 200 https://registry.npmjs.org/negotiator/-/negotiator-1.0.0.tgz 997ms (cache miss)
610 http fetch GET 200 https://registry.npmjs.org/mime-types/-/mime-types-3.0.2.tgz 978ms (cache miss)
611 http fetch GET 200 https://registry.npmjs.org/get-proto/-/get-proto-1.0.1.tgz 1028ms (cache miss)
612 http fetch GET 200 https://registry.npmjs.org/es-object-atoms/-/es-object-atoms-1.1.1.tgz 1034ms (cache miss)
613 http fetch GET 200 https://registry.npmjs.org/call-bound/-/call-bound-1.0.4.tgz 1033ms (cache miss)
614 http fetch GET 200 https://registry.npmjs.org/mime-db/-/mime-db-1.54.0.tgz 1018ms (cache miss)
615 http fetch GET 200 https://registry.npmjs.org/mime-db/-/mime-db-1.54.0.tgz 1029ms (cache miss)
616 http fetch GET 200 https://registry.npmjs.org/mime-db/-/mime-db-1.54.0.tgz 1024ms (cache miss)
617 http fetch GET 200 https://registry.npmjs.org/get-intrinsic/-/get-intrinsic-1.3.0.tgz 1063ms (cache miss)
618 http fetch GET 200 https://registry.npmjs.org/dunder-proto/-/dunder-proto-1.0.1.tgz 1073ms (cache miss)
619 http fetch GET 200 https://registry.npmjs.org/router/-/router-2.2.0.tgz 1054ms (cache miss)
620 http fetch GET 200 https://registry.npmjs.org/debug/-/debug-4.4.3.tgz 1054ms (cache miss)
621 http fetch GET 200 https://registry.npmjs.org/side-channel-list/-/side-channel-list-1.0.0.tgz 1075ms (cache miss)
622 http fetch GET 200 https://registry.npmjs.org/has-symbols/-/has-symbols-1.1.0.tgz 1122ms (cache miss)
623 http fetch GET 200 https://registry.npmjs.org/mime-db/-/mime-db-1.54.0.tgz 1093ms (cache miss)
624 silly packumentCache corgi:https://registry.npmjs.org/inquirer cache-miss
625 http fetch GET 200 https://registry.npmjs.org/express/-/express-5.2.1.tgz 1110ms (cache miss)
626 http fetch GET 200 https://registry.npmjs.org/body-parser/-/body-parser-2.2.2.tgz 1111ms (cache miss)
627 http fetch GET 200 https://registry.npmjs.org/es-errors/-/es-errors-1.3.0.tgz 1152ms (cache miss)
628 http cache https://registry.npmjs.org/inquirer 28ms (cache hit)
629 silly packumentCache corgi:https://registry.npmjs.org/inquirer set size:255519 disposed:false
630 http fetch GET 200 https://registry.npmjs.org/call-bind-apply-helpers/-/call-bind-apply-helpers-1.0.2.tgz 1168ms (cache miss)
631 silly packumentCache corgi:https://registry.npmjs.org/cacache cache-miss
632 silly packumentCache corgi:https://registry.npmjs.org/node-gyp cache-miss
633 silly packumentCache corgi:https://registry.npmjs.org/npm cache-miss
634 silly packumentCache corgi:https://registry.npmjs.org/libnpmdiff cache-miss
635 silly packumentCache corgi:https://registry.npmjs.org/pacote cache-miss
636 http cache https://registry.npmjs.org/cacache 28ms (cache hit)
637 silly packumentCache corgi:https://registry.npmjs.org/cacache set size:155668 disposed:false
638 http cache https://registry.npmjs.org/node-gyp 32ms (cache hit)
639 silly packumentCache corgi:https://registry.npmjs.org/node-gyp set size:157353 disposed:false
640 http cache https://registry.npmjs.org/npm 38ms (cache hit)
641 silly packumentCache corgi:https://registry.npmjs.org/npm set size:2339500 disposed:false
642 http cache https://registry.npmjs.org/pacote 63ms (cache hit)
643 silly packumentCache corgi:https://registry.npmjs.org/pacote set size:390162 disposed:false
644 http cache https://registry.npmjs.org/libnpmdiff 76ms (cache hit)
645 silly packumentCache corgi:https://registry.npmjs.org/libnpmdiff set size:101115 disposed:false
646 silly packumentCache corgi:https://registry.npmjs.org/external-editor cache-miss
647 http cache https://registry.npmjs.org/external-editor 16ms (cache hit)
648 silly packumentCache corgi:https://registry.npmjs.org/external-editor set size:17808 disposed:false
649 silly packumentCache corgi:https://registry.npmjs.org/@firebase%2fauth cache-miss
650 silly packumentCache corgi:https://registry.npmjs.org/@firebase%2fauth-compat cache-miss
651 silly packumentCache corgi:https://registry.npmjs.org/@firebase%2ffirestore cache-miss
652 silly packumentCache corgi:https://registry.npmjs.org/@firebase%2ffunctions cache-miss
653 silly packumentCache corgi:https://registry.npmjs.org/@firebase%2fstorage cache-miss
654 http cache https://registry.npmjs.org/@firebase%2ffunctions 77ms (cache hit)
655 silly packumentCache corgi:https://registry.npmjs.org/@firebase%2ffunctions set size:6772641 disposed:false
656 http cache https://registry.npmjs.org/@firebase%2fauth 155ms (cache hit)
657 silly packumentCache corgi:https://registry.npmjs.org/@firebase%2fauth set size:6249577 disposed:false
658 http cache https://registry.npmjs.org/@firebase%2fstorage 221ms (cache hit)
659 silly packumentCache corgi:https://registry.npmjs.org/@firebase%2fstorage set size:6434363 disposed:false
660 http cache https://registry.npmjs.org/@firebase%2ffirestore 303ms (cache hit)
661 silly packumentCache corgi:https://registry.npmjs.org/@firebase%2ffirestore set size:8900979 disposed:false
662 http cache https://registry.npmjs.org/@firebase%2fauth-compat 395ms (cache hit)
663 silly packumentCache corgi:https://registry.npmjs.org/@firebase%2fauth-compat set size:2353391 disposed:false
664 silly packumentCache corgi:https://registry.npmjs.org/minimatch cache-miss
665 http fetch GET 200 https://registry.npmjs.org/qs/-/qs-6.14.1.tgz 1697ms (cache miss)
666 http fetch GET 200 https://registry.npmjs.org/math-intrinsics/-/math-intrinsics-1.1.0.tgz 1727ms (cache miss)
667 http cache https://registry.npmjs.org/minimatch 15ms (cache hit)
668 silly packumentCache corgi:https://registry.npmjs.org/minimatch set size:145311 disposed:false
669 silly packumentCache corgi:https://registry.npmjs.org/@npmcli%2fmap-workspaces cache-miss
670 silly packumentCache corgi:https://registry.npmjs.org/@npmcli%2fpackage-json cache-miss
671 silly packumentCache corgi:https://registry.npmjs.org/rimraf cache-miss
672 http fetch GET 200 https://registry.npmjs.org/object-inspect/-/object-inspect-1.13.4.tgz 1755ms (cache miss)
673 http cache https://registry.npmjs.org/@npmcli%2fpackage-json 23ms (cache hit)
674 silly packumentCache corgi:https://registry.npmjs.org/@npmcli%2fpackage-json set size:30570 disposed:false
675 http cache https://registry.npmjs.org/rimraf 24ms (cache hit)
676 silly packumentCache corgi:https://registry.npmjs.org/rimraf set size:86967 disposed:false
677 http cache https://registry.npmjs.org/@npmcli%2fmap-workspaces 29ms (cache hit)
678 silly packumentCache corgi:https://registry.npmjs.org/@npmcli%2fmap-workspaces set size:36677 disposed:false
679 silly packumentCache corgi:https://registry.npmjs.org/@npmcli%2farborist cache-miss
680 silly packumentCache corgi:https://registry.npmjs.org/@npmcli%2fmetavuln-calculator cache-miss
681 silly packumentCache corgi:https://registry.npmjs.org/libnpmexec cache-miss
682 silly packumentCache corgi:https://registry.npmjs.org/libnpmpack cache-miss
683 http cache https://registry.npmjs.org/libnpmexec 23ms (cache hit)
684 silly packumentCache corgi:https://registry.npmjs.org/libnpmexec set size:142820 disposed:false
685 http cache https://registry.npmjs.org/@npmcli%2farborist 28ms (cache hit)
686 silly packumentCache corgi:https://registry.npmjs.org/@npmcli%2farborist set size:486310 disposed:false
687 http cache https://registry.npmjs.org/libnpmpack 33ms (cache hit)
688 silly packumentCache corgi:https://registry.npmjs.org/libnpmpack set size:95043 disposed:false
689 http cache https://registry.npmjs.org/@npmcli%2fmetavuln-calculator 35ms (cache hit)
690 silly packumentCache corgi:https://registry.npmjs.org/@npmcli%2fmetavuln-calculator set size:36140 disposed:false
691 http fetch GET 200 https://registry.npmjs.org/iconv-lite/-/iconv-lite-0.7.2.tgz 1805ms (cache miss)
692 silly packumentCache corgi:https://registry.npmjs.org/@firebase%2ffunctions-compat cache-miss
693 silly packumentCache corgi:https://registry.npmjs.org/firebase cache-miss
694 http fetch GET 200 https://registry.npmjs.org/iconv-lite/-/iconv-lite-0.7.2.tgz 1859ms (cache miss)
695 http cache https://registry.npmjs.org/@firebase%2ffunctions-compat 46ms (cache hit)
696 silly packumentCache corgi:https://registry.npmjs.org/@firebase%2ffunctions-compat set size:2169176 disposed:false
697 http cache https://registry.npmjs.org/firebase 82ms (cache hit)
698 silly packumentCache corgi:https://registry.npmjs.org/firebase set size:9703150 disposed:false
699 silly packumentCache corgi:https://registry.npmjs.org/@firebase%2fstorage-compat cache-miss
700 http cache https://registry.npmjs.org/@firebase%2fstorage-compat 50ms (cache hit)
701 silly packumentCache corgi:https://registry.npmjs.org/@firebase%2fstorage-compat set size:2178245 disposed:false
702 silly packumentCache corgi:https://registry.npmjs.org/@firebase%2ffirestore-compat cache-miss
703 http cache https://registry.npmjs.org/@firebase%2ffirestore-compat 52ms (cache hit)
704 silly packumentCache corgi:https://registry.npmjs.org/@firebase%2ffirestore-compat set size:2418365 disposed:false
705 silly packumentCache corgi:https://registry.npmjs.org/inquirer-autocomplete-prompt cache-miss
706 http cache https://registry.npmjs.org/inquirer-autocomplete-prompt 22ms (cache hit)
707 silly packumentCache corgi:https://registry.npmjs.org/inquirer-autocomplete-prompt set size:33138 disposed:false
708 silly ADD node_modules/media-typer
709 silly ADD node_modules/dunder-proto
710 silly ADD node_modules/math-intrinsics
711 silly ADD node_modules/hasown
712 silly ADD node_modules/has-symbols
713 silly ADD node_modules/gopd
714 silly ADD node_modules/get-proto
715 silly ADD node_modules/es-object-atoms
716 silly ADD node_modules/es-define-property
717 silly ADD node_modules/function-bind
718 silly ADD node_modules/call-bind-apply-helpers
719 silly ADD node_modules/get-intrinsic
720 silly ADD node_modules/call-bound
721 silly ADD node_modules/side-channel-weakmap
722 silly ADD node_modules/side-channel-map
723 silly ADD node_modules/side-channel-list
724 silly ADD node_modules/object-inspect
725 silly ADD node_modules/es-errors
726 silly ADD node_modules/path-to-regexp
727 silly ADD node_modules/is-promise
728 silly ADD node_modules/unpipe
729 silly ADD node_modules/side-channel
730 silly ADD node_modules/ipaddr.js
731 silly ADD node_modules/forwarded
732 silly ADD node_modules/wrappy
733 silly ADD node_modules/ee-first
734 silly ADD node_modules/toidentifier
735 silly ADD node_modules/setprototypeof
736 silly ADD node_modules/raw-body
737 silly ADD node_modules/raw-body/node_modules/iconv-lite
738 silly ADD node_modules/bytes
739 silly ADD node_modules/negotiator
740 silly ADD node_modules/vary
741 silly ADD node_modules/type-is
742 silly ADD node_modules/type-is/node_modules/mime-db
743 silly ADD node_modules/type-is/node_modules/mime-types
744 silly ADD node_modules/statuses
745 silly ADD node_modules/serve-static
746 silly ADD node_modules/send
747 silly ADD node_modules/send/node_modules/mime-db
748 silly ADD node_modules/send/node_modules/mime-types
749 silly ADD node_modules/router
750 silly ADD node_modules/range-parser
751 silly ADD node_modules/qs
752 silly ADD node_modules/proxy-addr
753 silly ADD node_modules/parseurl
754 silly ADD node_modules/once
755 silly ADD node_modules/on-finished
756 silly ADD node_modules/merge-descriptors
757 silly ADD node_modules/http-errors
758 silly ADD node_modules/fresh
759 silly ADD node_modules/finalhandler
760 silly ADD node_modules/etag
761 silly ADD node_modules/escape-html
762 silly ADD node_modules/encodeurl
763 silly ADD node_modules/depd
764 silly ADD node_modules/debug
765 silly ADD node_modules/cookie-signature
766 silly ADD node_modules/cookie
767 silly ADD node_modules/content-type
768 silly ADD node_modules/content-disposition
769 silly ADD node_modules/body-parser
770 silly ADD node_modules/body-parser/node_modules/iconv-lite
771 silly ADD node_modules/accepts
772 silly ADD node_modules/accepts/node_modules/mime-db
773 silly ADD node_modules/accepts/node_modules/mime-types
774 silly ADD node_modules/express
775 silly ADD node_modules/express/node_modules/mime-db
776 silly ADD node_modules/express/node_modules/mime-types
777 verbose cwd C:\Users\mdans.LAPTOP-U6EG5CI8\OneDrive\Desktop\smartinternz\server
778 verbose os Windows_NT 10.0.26200
779 verbose node v24.11.1
780 verbose npm  v11.6.4
781 verbose exit 0
782 info ok
