0 verbose cli C:\Program Files\nodejs\node.exe C:\ProgramData\npm\npm\node_modules\npm\bin\npm-cli.js
1 info using npm@11.6.4
2 info using node@v24.11.1
3 silly config load:file:C:\ProgramData\npm\npm\node_modules\npm\npmrc
4 silly config load:file:C:\Users\mdans.LAPTOP-U6EG5CI8\.npmrc
5 silly config load:file:C:\Users\mdans.LAPTOP-U6EG5CI8\AppData\Roaming\npm\etc\npmrc
6 verbose title npm install nodemailer
7 verbose argv "install" "nodemailer"
8 verbose logfile logs-max:10 dir:C:\Users\mdans.LAPTOP-U6EG5CI8\OneDrive\Desktop\smartinternz\server\Users\mdans.LAPTOP-U6EG5CI8\npm-cache\_logs\2026-02-03T05_26_15_366Z-
9 verbose logfile C:\Users\mdans.LAPTOP-U6EG5CI8\OneDrive\Desktop\smartinternz\server\Users\mdans.LAPTOP-U6EG5CI8\npm-cache\_logs\2026-02-03T05_26_15_366Z-debug-0.log
10 silly logfile done cleaning log files
11 silly packumentCache heap:2348810240 maxSize:587202560 maxEntrySize:293601280
12 silly idealTree buildDeps
13 silly fetch manifest nodemailer@*
14 silly packumentCache full:https://registry.npmjs.org/nodemailer cache-miss
15 http fetch GET 200 https://registry.npmjs.org/nodemailer 804ms (cache miss)
16 silly packumentCache full:https://registry.npmjs.org/nodemailer set size:undefined disposed:false
17 silly placeDep ROOT nodemailer@7.0.13 OK for:  want: *
18 silly reify moves {}
19 silly audit bulk request {
19 silly audit   '@angular-devkit/core': [ '18.2.12' ],
19 silly audit   '@angular-devkit/schematics': [ '18.2.12' ],
19 silly audit   '@angular/common': [ '18.2.13' ],
19 silly audit   '@angular/compiler': [ '18.2.13' ],
19 silly audit   '@angular/core': [ '18.2.13' ],
19 silly audit   '@angular/fire': [ '18.0.1' ],
19 silly audit   '@firebase/analytics': [ '0.10.8', '0.10.16' ],
19 silly audit   '@firebase/analytics-compat': [ '0.2.14', '0.2.22' ],
19 silly audit   '@firebase/analytics-types': [ '0.8.2', '0.8.3' ],
19 silly audit   '@firebase/app': [ '0.10.13', '0.13.1' ],
19 silly audit   '@firebase/app-check': [ '0.8.8', '0.10.0' ],
19 silly audit   '@firebase/app-check-compat': [ '0.3.15', '0.3.25' ],
19 silly audit   '@firebase/app-check-interop-types': [ '0.3.2', '0.3.3' ],
19 silly audit   '@firebase/app-check-types': [ '0.5.2', '0.5.3' ],
19 silly audit   '@firebase/app-compat': [ '0.2.43', '0.4.1' ],
19 silly audit   '@firebase/app-types': [ '0.9.2', '0.9.3' ],
19 silly audit   '@firebase/auth': [ '1.7.9', '1.10.6' ],
19 silly audit   '@firebase/auth-compat': [ '0.5.14', '0.5.26' ],
19 silly audit   '@firebase/auth-interop-types': [ '0.2.3', '0.2.4' ],
19 silly audit   '@firebase/auth-types': [ '0.12.2', '0.13.0' ],
19 silly audit   '@firebase/component': [ '0.6.9', '0.6.17' ],
19 silly audit   '@firebase/data-connect': [ '0.1.0', '0.3.9' ],
19 silly audit   '@firebase/database': [ '1.0.8', '1.0.19' ],
19 silly audit   '@firebase/database-compat': [ '1.0.8', '2.0.10' ],
19 silly audit   '@firebase/database-types': [ '1.0.5', '1.0.14' ],
19 silly audit   '@firebase/firestore': [ '4.7.3', '4.7.17' ],
19 silly audit   '@firebase/firestore-compat': [ '0.3.38', '0.3.52' ],
19 silly audit   '@firebase/firestore-types': [ '3.0.2', '3.0.3' ],
19 silly audit   '@firebase/functions': [ '0.11.8', '0.12.8' ],
19 silly audit   '@firebase/functions-compat': [ '0.3.14', '0.3.25' ],
19 silly audit   '@firebase/functions-types': [ '0.6.2', '0.6.3' ],
19 silly audit   '@firebase/installations': [ '0.6.9', '0.6.17' ],
19 silly audit   '@firebase/installations-compat': [ '0.2.9', '0.2.17' ],
19 silly audit   '@firebase/installations-types': [ '0.5.2', '0.5.3' ],
19 silly audit   '@firebase/logger': [ '0.4.2', '0.4.4' ],
19 silly audit   '@firebase/messaging': [ '0.12.12', '0.12.21' ],
19 silly audit   '@firebase/messaging-compat': [ '0.2.12', '0.2.21' ],
19 silly audit   '@firebase/messaging-interop-types': [ '0.2.2', '0.2.3' ],
19 silly audit   '@firebase/performance': [ '0.6.9', '0.7.6' ],
19 silly audit   '@firebase/performance-compat': [ '0.2.9', '0.2.19' ],
19 silly audit   '@firebase/performance-types': [ '0.2.2', '0.2.3' ],
19 silly audit   '@firebase/remote-config': [ '0.4.9', '0.6.4' ],
19 silly audit   '@firebase/remote-config-compat': [ '0.2.9', '0.2.17' ],
19 silly audit   '@firebase/remote-config-types': [ '0.3.2', '0.4.0' ],
19 silly audit   '@firebase/storage': [ '0.13.2', '0.13.12' ],
19 silly audit   '@firebase/storage-compat': [ '0.3.12', '0.3.22' ],
19 silly audit   '@firebase/storage-types': [ '0.8.2', '0.8.3' ],
19 silly audit   '@firebase/util': [ '1.10.0', '1.12.0' ],
19 silly audit   '@firebase/webchannel-wrapper': [ '1.0.1', '1.0.3' ],
19 silly audit   firebase: [ '10.14.1', '11.9.0' ],
19 silly audit   '@angular/platform-browser': [ '18.2.13' ],
19 silly audit   '@angular/platform-browser-dynamic': [ '18.2.13' ],
19 silly audit   '@babel/runtime': [ '7.28.4' ],
19 silly audit   '@colors/colors': [ '1.6.0' ],
19 silly audit   '@dabh/diagnostics': [ '2.0.3' ],
19 silly audit   '@emailjs/browser': [ '4.4.1' ],
19 silly audit   '@firebase/ai': [ '1.4.0' ],
19 silly audit   '@firebase/vertexai-preview': [ '0.0.4' ],
19 silly audit   '@grpc/grpc-js': [ '1.9.15' ],
19 silly audit   '@grpc/proto-loader': [ '0.7.13' ],
19 silly audit   '@jridgewell/sourcemap-codec': [ '1.5.0' ],
19 silly audit   '@mongodb-js/saslprep': [ '1.4.5' ],
19 silly audit   '@protobufjs/aspromise': [ '1.1.2' ],
19 silly audit   '@protobufjs/base64': [ '1.1.2' ],
19 silly audit   '@protobufjs/codegen': [ '2.0.4' ],
19 silly audit   '@protobufjs/eventemitter': [ '1.1.0' ],
19 silly audit   '@protobufjs/fetch': [ '1.1.0' ],
19 silly audit   '@protobufjs/float': [ '1.0.2' ],
19 silly audit   '@protobufjs/inquire': [ '1.1.0' ],
19 silly audit   '@protobufjs/path': [ '1.1.2' ],
19 silly audit   '@protobufjs/pool': [ '1.1.0' ],
19 silly audit   '@protobufjs/utf8': [ '1.1.0' ],
19 silly audit   '@schematics/angular': [ '18.2.12' ],
19 silly audit   '@types/node': [ '22.10.2' ],
19 silly audit   '@types/pako': [ '2.0.4' ],
19 silly audit   '@types/raf': [ '3.4.3' ],
19 silly audit   '@types/triple-beam': [ '1.3.5' ],
19 silly audit   '@types/trusted-types': [ '2.0.7' ],
19 silly audit   '@types/webidl-conversions': [ '7.0.3' ],
19 silly audit   '@types/whatwg-url': [ '13.0.0' ],
19 silly audit   accepts: [ '2.0.0' ],
19 silly audit   'mime-db': [ '1.54.0', '1.52.0' ],
19 silly audit   'mime-types': [ '3.0.2', '2.1.35' ],
19 silly audit   ajv: [ '8.17.1' ],
19 silly audit   'ajv-formats': [ '3.0.1' ],
19 silly audit   'ansi-escapes': [ '4.3.2' ],
19 silly audit   'ansi-regex': [ '5.0.1', '6.1.0' ],
19 silly audit   'ansi-styles': [ '4.3.0', '6.2.1' ],
19 silly audit   async: [ '3.2.6' ],
19 silly audit   asynckit: [ '0.4.0' ],
19 silly audit   axios: [ '1.7.9' ],
19 silly audit   'base64-arraybuffer': [ '1.0.2' ],
19 silly audit   'base64-js': [ '1.5.1' ],
19 silly audit   bcryptjs: [ '3.0.3' ],
19 silly audit   bl: [ '4.1.0' ],
19 silly audit   'body-parser': [ '2.2.2' ],
19 silly audit   'iconv-lite': [ '0.7.2', '0.4.24', '0.6.3' ],
19 silly audit   bson: [ '7.1.1' ],
19 silly audit   buffer: [ '5.7.1' ],
19 silly audit   'buffer-equal-constant-time': [ '1.0.1' ],
19 silly audit   bytes: [ '3.1.2' ],
19 silly audit   'call-bind-apply-helpers': [ '1.0.2' ],
19 silly audit   'call-bound': [ '1.0.4' ],
19 silly audit   canvg: [ '3.0.11' ],
19 silly audit   chalk: [ '4.1.2', '5.4.1' ],
19 silly audit   chardet: [ '0.7.0' ],
19 silly audit   'cli-cursor': [ '3.1.0' ],
19 silly audit   'cli-spinners': [ '2.9.2' ],
19 silly audit   'cli-width': [ '3.0.0' ],
19 silly audit   cliui: [ '8.0.1' ],
19 silly audit   'wrap-ansi': [ '7.0.0', '6.2.0', '8.1.0' ],
19 silly audit   clone: [ '1.0.4' ],
19 silly audit   color: [ '3.2.1' ],
19 silly audit   'color-convert': [ '2.0.1', '1.9.3' ],
19 silly audit   'color-name': [ '1.1.4', '1.1.3' ],
19 silly audit   'color-string': [ '1.9.1' ],
19 silly audit   colorspace: [ '1.1.4' ],
19 silly audit   'combined-stream': [ '1.0.8' ],
19 silly audit   'content-disposition': [ '1.0.1' ],
19 silly audit   'content-type': [ '1.0.5' ],
19 silly audit   cookie: [ '0.7.2' ],
19 silly audit   'cookie-signature': [ '1.2.2' ],
19 silly audit   'core-js': [ '3.46.0' ],
19 silly audit   cors: [ '2.8.6' ],
19 silly audit   'css-line-break': [ '2.1.0' ],
19 silly audit   debug: [ '4.4.3', '4.4.0' ],
19 silly audit   defaults: [ '1.0.4' ],
19 silly audit   'define-lazy-prop': [ '2.0.0' ],
19 silly audit   'delayed-stream': [ '1.0.0' ],
19 silly audit   depd: [ '2.0.0' ],
19 silly audit   dompurify: [ '3.3.0' ],
19 silly audit   dotenv: [ '17.2.3' ],
19 silly audit   'dunder-proto': [ '1.0.1' ],
19 silly audit   'ecdsa-sig-formatter': [ '1.0.11' ],
19 silly audit   'ee-first': [ '1.1.1' ],
19 silly audit   'emailjs-com': [ '3.2.0' ],
19 silly audit   'emoji-regex': [ '8.0.0', '9.2.2' ],
19 silly audit   enabled: [ '2.0.0' ],
19 silly audit   encodeurl: [ '2.0.0' ],
19 silly audit   'es-define-property': [ '1.0.1' ],
19 silly audit   'es-errors': [ '1.3.0' ],
19 silly audit   'es-object-atoms': [ '1.1.1' ],
19 silly audit   escalade: [ '3.2.0' ],
19 silly audit   'escape-html': [ '1.0.3' ],
19 silly audit   'escape-string-regexp': [ '1.0.5' ],
19 silly audit   etag: [ '1.8.1' ],
19 silly audit   express: [ '5.2.1' ],
19 silly audit   'external-editor': [ '3.1.0' ],
19 silly audit   'fast-deep-equal': [ '3.1.3' ],
19 silly audit   'fast-png': [ '6.4.0' ],
19 silly audit   'fast-uri': [ '3.0.3' ],
19 silly audit   'faye-websocket': [ '0.11.4' ],
19 silly audit   fecha: [ '4.2.3' ],
19 silly audit   fflate: [ '0.8.2' ],
19 silly audit   figures: [ '3.2.0' ],
19 silly audit   finalhandler: [ '2.1.1' ],
19 silly audit   'fn.name': [ '1.1.0' ],
19 silly audit   'follow-redirects': [ '1.15.9' ],
19 silly audit   'form-data': [ '4.0.1' ],
19 silly audit   forwarded: [ '0.2.0' ],
19 silly audit   fresh: [ '2.0.0' ],
19 silly audit   'fs-extra': [ '8.1.0' ],
19 silly audit   'function-bind': [ '1.1.2' ],
19 silly audit   fuzzy: [ '0.1.3' ],
19 silly audit   'get-caller-file': [ '2.0.5' ],
19 silly audit   'get-intrinsic': [ '1.3.0' ],
19 silly audit   'get-proto': [ '1.0.1' ],
19 silly audit   git: [ '0.1.5' ],
19 silly audit   gopd: [ '1.2.0' ],
19 silly audit   'graceful-fs': [ '4.2.11' ],
19 silly audit   'has-flag': [ '4.0.0' ],
19 silly audit   'has-symbols': [ '1.1.0' ],
19 silly audit   hasown: [ '2.0.2' ],
19 silly audit   html2canvas: [ '1.4.1' ],
19 silly audit   'http-errors': [ '2.0.1' ],
19 silly audit   'http-parser-js': [ '0.5.8' ],
19 silly audit   idb: [ '7.1.1' ],
19 silly audit   ieee754: [ '1.2.1' ],
19 silly audit   inherits: [ '2.0.4' ],
19 silly audit   inquirer: [ '8.2.6' ],
19 silly audit   'inquirer-autocomplete-prompt': [ '1.4.0' ],
19 silly audit   rxjs: [ '6.6.7', '7.8.1' ],
19 silly audit   tslib: [ '1.14.1', '2.8.1' ],
19 silly audit   iobuffer: [ '5.4.0' ],
19 silly audit   'ipaddr.js': [ '1.9.1' ],
19 silly audit   'is-arrayish': [ '0.3.2' ],
19 silly audit   'is-docker': [ '2.2.1' ],
19 silly audit   'is-fullwidth-code-point': [ '3.0.0' ],
19 silly audit   'is-interactive': [ '1.0.0' ],
19 silly audit   'is-promise': [ '4.0.0' ],
19 silly audit   'is-stream': [ '2.0.1' ],
19 silly audit   'is-unicode-supported': [ '0.1.0' ],
19 silly audit   'is-wsl': [ '2.2.0' ],
19 silly audit   'json-schema-traverse': [ '1.0.0' ],
19 silly audit   'jsonc-parser': [ '3.3.1' ],
19 silly audit   jsonfile: [ '4.0.0' ],
19 silly audit   jsonwebtoken: [ '9.0.3' ],
19 silly audit   jspdf: [ '3.0.3' ],
19 silly audit   jwa: [ '2.0.1' ],
19 silly audit   jws: [ '4.0.1' ],
19 silly audit   kareem: [ '3.0.0' ],
19 silly audit   kuler: [ '2.0.0' ],
19 silly audit   lodash: [ '4.17.21' ],
19 silly audit   'lodash.camelcase': [ '4.3.0' ],
19 silly audit   'lodash.includes': [ '4.3.0' ],
19 silly audit   'lodash.isboolean': [ '3.0.3' ],
19 silly audit   'lodash.isinteger': [ '4.0.4' ],
19 silly audit   'lodash.isnumber': [ '3.0.3' ],
19 silly audit   'lodash.isplainobject': [ '4.0.6' ],
19 silly audit   'lodash.isstring': [ '4.0.1' ],
19 silly audit   'lodash.once': [ '4.1.1' ],
19 silly audit   'log-symbols': [ '4.1.0' ],
19 silly audit   logform: [ '2.7.0' ],
19 silly audit   long: [ '5.2.3' ],
19 silly audit   'magic-string': [ '0.30.11' ],
19 silly audit   'math-intrinsics': [ '1.1.0' ],
19 silly audit   'media-typer': [ '1.1.0' ],
19 silly audit   'memory-pager': [ '1.5.0' ],
19 silly audit   'merge-descriptors': [ '2.0.0' ],
19 silly audit   mime: [ '1.2.9' ],
19 silly audit   'mimic-fn': [ '2.1.0' ],
19 silly audit   mongodb: [ '7.0.0' ],
19 silly audit   'mongodb-connection-string-url': [ '7.0.1' ],
19 silly audit   tr46: [ '5.1.1', '0.0.3' ],
19 silly audit   'webidl-conversions': [ '7.0.0', '3.0.1' ],
19 silly audit   'whatwg-url': [ '14.2.0', '5.0.0' ],
19 silly audit   mongoose: [ '9.1.5' ],
19 silly audit   mpath: [ '0.9.0' ],
19 silly audit   mquery: [ '6.0.0' ],
19 silly audit   ms: [ '2.1.3' ],
19 silly audit   'mute-stream': [ '0.0.8', '2.0.0' ],
19 silly audit   negotiator: [ '1.0.0' ],
19 silly audit   node: [ '24.12.0' ],
19 silly audit   'node-bin-setup': [ '1.1.4' ],
19 silly audit   'node-fetch': [ '2.7.0' ],
19 silly audit   npm: [ '11.2.0' ],
19 silly audit   'string-width': [ '4.2.3', '5.1.2' ],
19 silly audit   'strip-ansi': [ '6.0.1', '7.1.0' ],
19 silly audit   chownr: [ '3.0.0', '2.0.0' ],
19 silly audit   minizlib: [ '3.0.1', '2.1.2' ],
19 silly audit   mkdirp: [ '3.0.1', '1.0.4' ],
19 silly audit   tar: [ '7.4.3', '6.2.1' ],
19 silly audit   yallist: [ '5.0.0', '4.0.0' ],
19 silly audit   which: [ '2.0.2', '5.0.0' ],
19 silly audit   'fs-minipass': [ '3.0.3', '2.1.0' ],
19 silly audit   isexe: [ '2.0.0', '3.1.1' ],
19 silly audit   minipass: [ '7.1.2', '3.3.6', '5.0.0' ],
19 silly audit   'safer-buffer': [ '2.1.2' ],
19 silly audit   semver: [ '7.6.3', '7.7.1' ],
19 silly audit   'signal-exit': [ '3.0.7', '4.1.0' ],
19 silly audit   'spdx-expression-parse': [ '3.0.1', '4.0.0' ],
19 silly audit   'supports-color': [ '7.2.0', '10.0.0' ],
19 silly audit   'util-deprecate': [ '1.0.2' ],
19 silly audit   'object-assign': [ '4.1.1' ],
19 silly audit   'object-inspect': [ '1.13.4' ],
19 silly audit   'on-finished': [ '2.4.1' ],
19 silly audit   once: [ '1.4.0' ],
19 silly audit   'one-time': [ '1.0.0' ],
19 silly audit   onetime: [ '5.1.2' ],
19 silly audit   open: [ '8.4.2' ],
19 silly audit   ora: [ '5.4.1' ],
19 silly audit   'os-tmpdir': [ '1.0.2' ],
19 silly audit   pako: [ '2.1.0' ],
19 silly audit   parseurl: [ '1.3.3' ],
19 silly audit   'path-to-regexp': [ '8.3.0' ],
19 silly audit   'performance-now': [ '2.1.0' ],
19 silly audit   picomatch: [ '4.0.2' ],
19 silly audit   protobufjs: [ '7.4.0' ],
19 silly audit   'proxy-addr': [ '2.0.7' ],
19 silly audit   'proxy-from-env': [ '1.1.0' ],
19 silly audit   punycode: [ '2.3.1' ],
19 silly audit   qs: [ '6.14.1' ],
19 silly audit   raf: [ '3.4.1' ],
19 silly audit   'range-parser': [ '1.2.1' ],
19 silly audit   'raw-body': [ '3.0.2' ],
19 silly audit   'readable-stream': [ '3.6.2' ],
19 silly audit   'regenerator-runtime': [ '0.13.11' ],
19 silly audit   'require-directory': [ '2.1.1' ],
19 silly audit   'require-from-string': [ '2.0.2' ],
19 silly audit   'restore-cursor': [ '3.1.0' ],
19 silly audit   rgbcolor: [ '1.0.1' ],
19 silly audit   router: [ '2.2.0' ],
19 silly audit   'run-async': [ '2.4.1' ],
19 silly audit   rxfire: [ '6.1.0' ],
19 silly audit   'safe-buffer': [ '5.2.1' ],
19 silly audit   'safe-stable-stringify': [ '2.5.0' ],
19 silly audit   send: [ '1.2.1' ],
19 silly audit   'serve-static': [ '2.2.1' ],
19 silly audit   setprototypeof: [ '1.2.0' ],
19 silly audit   'side-channel': [ '1.1.0' ],
19 silly audit   'side-channel-list': [ '1.0.0' ],
19 silly audit   'side-channel-map': [ '1.0.1' ],
19 silly audit   'side-channel-weakmap': [ '1.0.2' ],
19 silly audit   sift: [ '17.1.3' ],
19 silly audit   'simple-swizzle': [ '0.2.2' ],
19 silly audit   'source-map': [ '0.7.4' ],
19 silly audit   'sparse-bitfield': [ '3.0.3' ],
19 silly audit   'stack-trace': [ '0.0.10' ],
19 silly audit   'stackblur-canvas': [ '2.7.0' ],
19 silly audit   statuses: [ '2.0.2' ],
19 silly audit   string_decoder: [ '1.3.0' ],
19 silly audit   'svg-pathdata': [ '6.0.3' ],
19 silly audit   'text-hex': [ '1.0.0' ],
19 silly audit   'text-segmentation': [ '1.0.3' ],
19 silly audit   through: [ '2.3.8' ],
19 silly audit   tmp: [ '0.0.33' ],
19 silly audit   toidentifier: [ '1.0.1' ],
19 silly audit   'triple-beam': [ '1.4.1' ],
19 silly audit   'type-fest': [ '0.21.3' ],
19 silly audit   'type-is': [ '2.0.1' ],
19 silly audit   undici: [ '6.19.7' ],
19 silly audit   'undici-types': [ '6.20.0' ],
19 silly audit   universalify: [ '0.1.2' ],
19 silly audit   unpipe: [ '1.0.0' ],
19 silly audit   utrie: [ '1.0.2' ],
19 silly audit   vary: [ '1.1.2' ],
19 silly audit   wcwidth: [ '1.0.1' ],
19 silly audit   'web-vitals': [ '4.2.4' ],
19 silly audit   'websocket-driver': [ '0.7.4' ],
19 silly audit   'websocket-extensions': [ '0.1.4' ],
19 silly audit   winston: [ '3.17.0' ],
19 silly audit   'winston-transport': [ '4.9.0' ],
19 silly audit   wrappy: [ '1.0.2' ],
19 silly audit   y18n: [ '5.0.8' ],
19 silly audit   yargs: [ '17.7.2' ],
19 silly audit   'yargs-parser': [ '21.1.1' ],
19 silly audit   'zone.js': [ '0.14.10' ],
19 silly audit   nodemailer: [ '7.0.13' ],
19 silly audit   '@isaacs/cliui': [ '8.0.2' ],
19 silly audit   '@isaacs/fs-minipass': [ '4.0.1' ],
19 silly audit   '@isaacs/string-locale-compare': [ '1.1.0' ],
19 silly audit   '@npmcli/agent': [ '3.0.0' ],
19 silly audit   '@npmcli/arborist': [ '9.0.1' ],
19 silly audit   '@npmcli/config': [ '10.1.0' ],
19 silly audit   '@npmcli/fs': [ '4.0.0' ],
19 silly audit   '@npmcli/git': [ '6.0.3' ],
19 silly audit   '@npmcli/installed-package-contents': [ '3.0.0' ],
19 silly audit   '@npmcli/map-workspaces': [ '4.0.2' ],
19 silly audit   '@npmcli/metavuln-calculator': [ '9.0.0' ],
19 silly audit   '@npmcli/name-from-folder': [ '3.0.0' ],
19 silly audit   '@npmcli/node-gyp': [ '4.0.0' ],
19 silly audit   '@npmcli/package-json': [ '6.1.1' ],
19 silly audit   '@npmcli/promise-spawn': [ '8.0.2' ],
19 silly audit   '@npmcli/query': [ '4.0.0' ],
19 silly audit   '@npmcli/redact': [ '3.1.1' ],
19 silly audit   '@npmcli/run-script': [ '9.0.2' ],
19 silly audit   '@pkgjs/parseargs': [ '0.11.0' ],
19 silly audit   '@sigstore/bundle': [ '3.1.0' ],
19 silly audit   '@sigstore/core': [ '2.0.0' ],
19 silly audit   '@sigstore/protobuf-specs': [ '0.4.0' ],
19 silly audit   '@sigstore/sign': [ '3.1.0' ],
19 silly audit   '@sigstore/tuf': [ '3.1.0' ],
19 silly audit   '@sigstore/verify': [ '2.1.0' ],
19 silly audit   '@tufjs/canonical-json': [ '2.0.0' ],
19 silly audit   '@tufjs/models': [ '3.0.1' ],
19 silly audit   abbrev: [ '3.0.0' ],
19 silly audit   'agent-base': [ '7.1.3' ],
19 silly audit   aproba: [ '2.0.0' ],
19 silly audit   archy: [ '1.0.0' ],
19 silly audit   'balanced-match': [ '1.0.2' ],
19 silly audit   'bin-links': [ '5.0.0' ],
19 silly audit   'binary-extensions': [ '3.0.0' ],
19 silly audit   'brace-expansion': [ '2.0.1' ],
19 silly audit   cacache: [ '19.0.1' ],
19 silly audit   'ci-info': [ '4.1.0' ],
19 silly audit   'cidr-regex': [ '4.1.3' ],
19 silly audit   'cli-columns': [ '4.0.0' ],
19 silly audit   'cmd-shim': [ '7.0.0' ],
19 silly audit   'common-ancestor-path': [ '1.0.1' ],
19 silly audit   'cross-spawn': [ '7.0.6' ],
19 silly audit   cssesc: [ '3.0.0' ],
19 silly audit   diff: [ '7.0.0' ],
19 silly audit   eastasianwidth: [ '0.2.0' ],
19 silly audit   encoding: [ '0.1.13' ],
19 silly audit   'env-paths': [ '2.2.1' ],
19 silly audit   'err-code': [ '2.0.3' ],
19 silly audit   'exponential-backoff': [ '3.1.2' ],
19 silly audit   'fastest-levenshtein': [ '1.0.16' ],
19 silly audit   'foreground-child': [ '3.3.1' ],
19 silly audit   glob: [ '10.4.5' ],
19 silly audit   'hosted-git-info': [ '8.0.2' ],
19 silly audit   'http-cache-semantics': [ '4.1.1' ],
19 silly audit   'http-proxy-agent': [ '7.0.2' ],
19 silly audit   'https-proxy-agent': [ '7.0.6' ],
19 silly audit   'ignore-walk': [ '7.0.0' ],
19 silly audit   imurmurhash: [ '0.1.4' ],
19 silly audit   ini: [ '5.0.0' ],
19 silly audit   'init-package-json': [ '8.0.0' ],
19 silly audit   'ip-address': [ '9.0.5' ],
19 silly audit   'ip-regex': [ '5.0.0' ],
19 silly audit   'is-cidr': [ '5.1.1' ],
19 silly audit   jackspeak: [ '3.4.3' ],
19 silly audit   jsbn: [ '1.1.0' ],
19 silly audit   'json-parse-even-better-errors': [ '4.0.0' ],
19 silly audit   'json-stringify-nice': [ '1.1.4' ],
19 silly audit   jsonparse: [ '1.3.1' ],
19 silly audit   'just-diff': [ '6.0.2' ],
19 silly audit   'just-diff-apply': [ '5.5.0' ],
19 silly audit   libnpmaccess: [ '10.0.0' ],
19 silly audit   libnpmdiff: [ '8.0.1' ],
19 silly audit   libnpmexec: [ '10.1.0' ],
19 silly audit   libnpmfund: [ '7.0.1' ],
19 silly audit   libnpmorg: [ '8.0.0' ],
19 silly audit   libnpmpack: [ '9.0.1' ],
19 silly audit   libnpmpublish: [ '11.0.0' ],
19 silly audit   libnpmsearch: [ '9.0.0' ],
19 silly audit   libnpmteam: [ '8.0.0' ],
19 silly audit   libnpmversion: [ '8.0.0' ],
19 silly audit   'lru-cache': [ '10.4.3' ],
19 silly audit   'make-fetch-happen': [ '14.0.3' ],
19 silly audit   minimatch: [ '9.0.5' ],
19 silly audit   'minipass-collect': [ '2.0.1' ],
19 silly audit   'minipass-fetch': [ '4.0.0' ],
19 silly audit   'minipass-flush': [ '1.0.5' ],
19 silly audit   'minipass-pipeline': [ '1.2.4' ],
19 silly audit   'minipass-sized': [ '1.0.3' ],
19 silly audit   'node-gyp': [ '11.1.0' ],
19 silly audit   nopt: [ '8.1.0' ],
19 silly audit   'normalize-package-data': [ '7.0.0' ],
19 silly audit   'npm-audit-report': [ '6.0.0' ],
19 silly audit   'npm-bundled': [ '4.0.0' ],
19 silly audit   'npm-install-checks': [ '7.1.1' ],
19 silly audit   'npm-normalize-package-bin': [ '4.0.0' ],
19 silly audit   'npm-package-arg': [ '12.0.2' ],
19 silly audit   'npm-packlist': [ '10.0.0' ],
19 silly audit   'npm-pick-manifest': [ '10.0.0' ],
19 silly audit   'npm-profile': [ '11.0.1' ],
19 silly audit   'npm-registry-fetch': [ '18.0.2' ],
19 silly audit   'npm-user-validate': [ '3.0.0' ],
19 silly audit   'p-map': [ '7.0.3' ],
19 silly audit   'package-json-from-dist': [ '1.0.1' ],
19 silly audit   pacote: [ '21.0.0' ],
19 silly audit   'parse-conflict-json': [ '4.0.0' ],
19 silly audit   'path-key': [ '3.1.1' ],
19 silly audit   'path-scurry': [ '1.11.1' ],
19 silly audit   'postcss-selector-parser': [ '6.1.2' ],
19 silly audit   'proc-log': [ '5.0.0' ],
19 silly audit   proggy: [ '3.0.0' ],
19 silly audit   'promise-all-reject-late': [ '1.0.1' ],
19 silly audit   'promise-call-limit': [ '3.0.2' ],
19 silly audit   'promise-retry': [ '2.0.1' ],
19 silly audit   promzard: [ '2.0.0' ],
19 silly audit   'qrcode-terminal': [ '0.12.0' ],
19 silly audit   read: [ '4.1.0' ],
19 silly audit   'read-cmd-shim': [ '5.0.0' ],
19 silly audit   'read-package-json-fast': [ '4.0.0' ],
19 silly audit   retry: [ '0.12.0' ],
19 silly audit   rimraf: [ '5.0.10' ],
19 silly audit   'shebang-command': [ '2.0.0' ],
19 silly audit   'shebang-regex': [ '3.0.0' ],
19 silly audit   sigstore: [ '3.1.0' ],
19 silly audit   'smart-buffer': [ '4.2.0' ],
19 silly audit   socks: [ '2.8.4' ],
19 silly audit   'socks-proxy-agent': [ '8.0.5' ],
19 silly audit   'spdx-correct': [ '3.2.0' ],
19 silly audit   'spdx-exceptions': [ '2.5.0' ],
19 silly audit   'spdx-license-ids': [ '3.0.21' ],
19 silly audit   'sprintf-js': [ '1.1.3' ],
19 silly audit   ssri: [ '12.0.0' ],
19 silly audit   'text-table': [ '0.2.0' ],
19 silly audit   'tiny-relative-date': [ '1.3.0' ],
19 silly audit   treeverse: [ '3.0.0' ],
19 silly audit   'tuf-js': [ '3.0.1' ],
19 silly audit   'unique-filename': [ '4.0.0' ],
19 silly audit   'unique-slug': [ '5.0.0' ],
19 silly audit   'validate-npm-package-license': [ '3.0.4' ],
19 silly audit   'validate-npm-package-name': [ '6.0.0' ],
19 silly audit   'walk-up-path': [ '4.0.0' ],
19 silly audit   'write-file-atomic': [ '6.0.0' ]
19 silly audit }
20 http cache nodemailer@https://registry.npmjs.org/nodemailer/-/nodemailer-7.0.13.tgz 0ms (cache hit)
21 silly tarball no local data for nodemailer@https://registry.npmjs.org/nodemailer/-/nodemailer-7.0.13.tgz. Extracting by manifest.
22 http fetch POST 200 https://registry.npmjs.org/-/npm/v1/security/advisories/bulk 318ms
23 silly audit report {
23 silly audit report   '@angular/common': [
23 silly audit report     {
23 silly audit report       id: 1111063,
23 silly audit report       url: 'https://github.com/advisories/GHSA-58c5-g7wp-6w37',
23 silly audit report       title: 'Angular is Vulnerable to XSRF Token Leakage via Protocol-Relative URLs in Angular HTTP Client',
23 silly audit report       severity: 'high',
23 silly audit report       vulnerable_versions: '<19.2.16',
23 silly audit report       cwe: [Array],
23 silly audit report       cvss: [Object]
23 silly audit report     }
23 silly audit report   ],
23 silly audit report   '@angular/compiler': [
23 silly audit report     {
23 silly audit report       id: 1111180,
23 silly audit report       url: 'https://github.com/advisories/GHSA-v4hv-rgfq-gp49',
23 silly audit report       title: 'Angular Stored XSS Vulnerability via SVG Animation, SVG URL and MathML Attributes',
23 silly audit report       severity: 'high',
23 silly audit report       vulnerable_versions: '<=18.2.14',
23 silly audit report       cwe: [Array],
23 silly audit report       cvss: [Object]
23 silly audit report     },
23 silly audit report     {
23 silly audit report       id: 1112156,
23 silly audit report       url: 'https://github.com/advisories/GHSA-jrmj-c5cx-3cw6',
23 silly audit report       title: 'Angular has XSS Vulnerability via Unsanitized SVG Script Attributes',
23 silly audit report       severity: 'high',
23 silly audit report       vulnerable_versions: '<=18.2.14',
23 silly audit report       cwe: [Array],
23 silly audit report       cvss: [Object]
23 silly audit report     }
23 silly audit report   ],
23 silly audit report   '@angular/core': [
23 silly audit report     {
23 silly audit report       id: 1112155,
23 silly audit report       url: 'https://github.com/advisories/GHSA-jrmj-c5cx-3cw6',
23 silly audit report       title: 'Angular has XSS Vulnerability via Unsanitized SVG Script Attributes',
23 silly audit report       severity: 'high',
23 silly audit report       vulnerable_versions: '<=18.2.14',
23 silly audit report       cwe: [Array],
23 silly audit report       cvss: [Object]
23 silly audit report     }
23 silly audit report   ],
23 silly audit report   axios: [
23 silly audit report     {
23 silly audit report       id: 1111035,
23 silly audit report       url: 'https://github.com/advisories/GHSA-jr5f-v2jv-69x6',
23 silly audit report       title: 'axios Requests Vulnerable To Possible SSRF and Credential Leakage via Absolute URL',
23 silly audit report       severity: 'high',
23 silly audit report       vulnerable_versions: '>=1.0.0 <1.8.2',
23 silly audit report       cwe: [Array],
23 silly audit report       cvss: [Object]
23 silly audit report     },
23 silly audit report     {
23 silly audit report       id: 1112195,
23 silly audit report       url: 'https://github.com/advisories/GHSA-4hjh-wcwx-xvwj',
23 silly audit report       title: 'Axios is vulnerable to DoS attack through lack of data size check',
23 silly audit report       severity: 'high',
23 silly audit report       vulnerable_versions: '>=1.0.0 <1.12.0',
23 silly audit report       cwe: [Array],
23 silly audit report       cvss: [Object]
23 silly audit report     }
23 silly audit report   ],
23 silly audit report   'form-data': [
23 silly audit report     {
23 silly audit report       id: 1109538,
23 silly audit report       url: 'https://github.com/advisories/GHSA-fjxv-7rqg-78g4',
23 silly audit report       title: 'form-data uses unsafe random function in form-data for choosing boundary',
23 silly audit report       severity: 'critical',
23 silly audit report       vulnerable_versions: '>=4.0.0 <4.0.4',
23 silly audit report       cwe: [Array],
23 silly audit report       cvss: [Object]
23 silly audit report     }
23 silly audit report   ],
23 silly audit report   git: [
23 silly audit report     {
23 silly audit report       id: 1088754,
23 silly audit report       url: 'https://github.com/advisories/GHSA-9gqr-xp86-f87h',
23 silly audit report       title: 'Code injection in npm git',
23 silly audit report       severity: 'moderate',
23 silly audit report       vulnerable_versions: '<=0.1.5',
23 silly audit report       cwe: [Array],
23 silly audit report       cvss: [Object]
23 silly audit report     }
23 silly audit report   ],
23 silly audit report   jspdf: [
23 silly audit report     {
23 silly audit report       id: 1112264,
23 silly audit report       url: 'https://github.com/advisories/GHSA-f8cm-6447-x5h2',
23 silly audit report       title: 'jsPDF has Local File Inclusion/Path Traversal vulnerability',
23 silly audit report       severity: 'critical',
23 silly audit report       vulnerable_versions: '<=3.0.4',
23 silly audit report       cwe: [Array],
23 silly audit report       cvss: [Object]
23 silly audit report     },
23 silly audit report     {
23 silly audit report       id: 1112730,
23 silly audit report       url: 'https://github.com/advisories/GHSA-pqxr-3g65-p328',
23 silly audit report       title: 'jsPDF has PDF Injection in AcroFormChoiceField that allows Arbitrary JavaScript Execution',
23 silly audit report       severity: 'high',
23 silly audit report       vulnerable_versions: '<=4.0.0',
23 silly audit report       cwe: [Array],
23 silly audit report       cvss: [Object]
23 silly audit report     },
23 silly audit report     {
23 silly audit report       id: 1112731,
23 silly audit report       url: 'https://github.com/advisories/GHSA-95fx-jjr5-f39c',
23 silly audit report       title: 'jsPDF Vulnerable to Denial of Service (DoS) via Unvalidated BMP Dimensions in BMPDecoder',
23 silly audit report       severity: 'high',
23 silly audit report       vulnerable_versions: '<=4.0.0',
23 silly audit report       cwe: [Array],
23 silly audit report       cvss: [Object]
23 silly audit report     },
23 silly audit report     {
23 silly audit report       id: 1112732,
23 silly audit report       url: 'https://github.com/advisories/GHSA-vm32-vv63-w422',
23 silly audit report       title: 'jsPDF Vulnerable to Stored XMP Metadata Injection (Spoofing & Integrity Violation)',
23 silly audit report       severity: 'moderate',
23 silly audit report       vulnerable_versions: '<=4.0.0',
23 silly audit report       cwe: [Array],
23 silly audit report       cvss: [Object]
23 silly audit report     },
23 silly audit report     {
23 silly audit report       id: 1112729,
23 silly audit report       url: 'https://github.com/advisories/GHSA-cjw8-79x6-5cj4',
23 silly audit report       title: 'jsPDF has Shared State Race Condition in addJS Plugin',
23 silly audit report       severity: 'moderate',
23 silly audit report       vulnerable_versions: '<=4.0.0',
23 silly audit report       cwe: [Array],
23 silly audit report       cvss: [Object]
23 silly audit report     }
23 silly audit report   ],
23 silly audit report   lodash: [
23 silly audit report     {
23 silly audit report       id: 1112455,
23 silly audit report       url: 'https://github.com/advisories/GHSA-xxjr-mmjv-4gpg',
23 silly audit report       title: 'Lodash has Prototype Pollution Vulnerability in `_.unset` and `_.omit` functions',
23 silly audit report       severity: 'moderate',
23 silly audit report       vulnerable_versions: '>=4.0.0 <=4.17.22',
23 silly audit report       cwe: [Array],
23 silly audit report       cvss: [Object]
23 silly audit report     }
23 silly audit report   ],
23 silly audit report   mime: [
23 silly audit report     {
23 silly audit report       id: 1093780,
23 silly audit report       url: 'https://github.com/advisories/GHSA-wrvr-8mpx-r7pp',
23 silly audit report       title: 'mime Regular Expression Denial of Service when MIME lookup performed on untrusted user input',
23 silly audit report       severity: 'high',
23 silly audit report       vulnerable_versions: '<1.4.1',
23 silly audit report       cwe: [Array],
23 silly audit report       cvss: [Object]
23 silly audit report     }
23 silly audit report   ],
23 silly audit report   tar: [
23 silly audit report     {
23 silly audit report       id: 1112255,
23 silly audit report       url: 'https://github.com/advisories/GHSA-8qq5-rm4j-mr97',
23 silly audit report       title: 'node-tar is Vulnerable to Arbitrary File Overwrite and Symlink Poisoning via Insufficient Path Sanitization',
23 silly audit report       severity: 'high',
23 silly audit report       vulnerable_versions: '<=7.5.2',
23 silly audit report       cwe: [Array],
23 silly audit report       cvss: [Object]
23 silly audit report     },
23 silly audit report     {
23 silly audit report       id: 1112329,
23 silly audit report       url: 'https://github.com/advisories/GHSA-r6q2-hw4h-h46w',
23 silly audit report       title: 'Race Condition in node-tar Path Reservations via Unicode Ligature Collisions on macOS APFS',
23 silly audit report       severity: 'high',
23 silly audit report       vulnerable_versions: '<=7.5.3',
23 silly audit report       cwe: [Array],
23 silly audit report       cvss: [Object]
23 silly audit report     },
23 silly audit report     {
23 silly audit report       id: 1112659,
23 silly audit report       url: 'https://github.com/advisories/GHSA-34x7-hfp2-rc4v',
23 silly audit report       title: 'node-tar Vulnerable to Arbitrary File Creation/Overwrite via Hardlink Path Traversal',
23 silly audit report       severity: 'high',
23 silly audit report       vulnerable_versions: '<7.5.7',
23 silly audit report       cwe: [Array],
23 silly audit report       cvss: [Object]
23 silly audit report     }
23 silly audit report   ],
23 silly audit report   tmp: [
23 silly audit report     {
23 silly audit report       id: 1109537,
23 silly audit report       url: 'https://github.com/advisories/GHSA-52f5-9888-hmc6',
23 silly audit report       title: 'tmp allows arbitrary temporary file / directory write via symbolic link `dir` parameter',
23 silly audit report       severity: 'low',
23 silly audit report       vulnerable_versions: '<=0.2.3',
23 silly audit report       cwe: [Array],
23 silly audit report       cvss: [Object]
23 silly audit report     }
23 silly audit report   ],
23 silly audit report   undici: [
23 silly audit report     {
23 silly audit report       id: 1101609,
23 silly audit report       url: 'https://github.com/advisories/GHSA-c76h-2ccp-4975',
23 silly audit report       title: 'Use of Insufficiently Random Values in undici',
23 silly audit report       severity: 'moderate',
23 silly audit report       vulnerable_versions: '>=6.0.0 <6.21.1',
23 silly audit report       cwe: [Array],
23 silly audit report       cvss: [Object]
23 silly audit report     },
23 silly audit report     {
23 silly audit report       id: 1104500,
23 silly audit report       url: 'https://github.com/advisories/GHSA-cxrh-j4jr-qwg3',
23 silly audit report       title: 'undici Denial of Service attack via bad certificate data',
23 silly audit report       severity: 'low',
23 silly audit report       vulnerable_versions: '>=6.0.0 <6.21.2',
23 silly audit report       cwe: [Array],
23 silly audit report       cvss: [Object]
23 silly audit report     },
23 silly audit report     {
23 silly audit report       id: 1112496,
23 silly audit report       url: 'https://github.com/advisories/GHSA-g9mf-h72j-4rw9',
23 silly audit report       title: 'Undici has an unbounded decompression chain in HTTP responses on Node.js Fetch API via Content-Encoding leads to resource exhaustion',
23 silly audit report       severity: 'moderate',
23 silly audit report       vulnerable_versions: '<6.23.0',
23 silly audit report       cwe: [Array],
23 silly audit report       cvss: [Object]
23 silly audit report     }
23 silly audit report   ],
23 silly audit report   'brace-expansion': [
23 silly audit report     {
23 silly audit report       id: 1105444,
23 silly audit report       url: 'https://github.com/advisories/GHSA-v6h2-p8h4-qcjw',
23 silly audit report       title: 'brace-expansion Regular Expression Denial of Service vulnerability',
23 silly audit report       severity: 'low',
23 silly audit report       vulnerable_versions: '>=2.0.0 <=2.0.1',
23 silly audit report       cwe: [Array],
23 silly audit report       cvss: [Object]
23 silly audit report     }
23 silly audit report   ],
23 silly audit report   diff: [
23 silly audit report     {
23 silly audit report       id: 1112706,
23 silly audit report       url: 'https://github.com/advisories/GHSA-73rr-hh4g-fpgx',
23 silly audit report       title: 'jsdiff has a Denial of Service vulnerability in parsePatch and applyPatch',
23 silly audit report       severity: 'low',
23 silly audit report       vulnerable_versions: '>=6.0.0 <8.0.3',
23 silly audit report       cwe: [Array],
23 silly audit report       cvss: [Object]
23 silly audit report     }
23 silly audit report   ],
23 silly audit report   glob: [
23 silly audit report     {
23 silly audit report       id: 1109842,
23 silly audit report       url: 'https://github.com/advisories/GHSA-5j98-mcp5-4vw2',
23 silly audit report       title: 'glob CLI: Command injection via -c/--cmd executes matches with shell:true',
23 silly audit report       severity: 'high',
23 silly audit report       vulnerable_versions: '>=10.2.0 <10.5.0',
23 silly audit report       cwe: [Array],
23 silly audit report       cvss: [Object]
23 silly audit report     }
23 silly audit report   ]
23 silly audit report }
24 silly packumentCache corgi:https://registry.npmjs.org/@angular%2fcommon cache-miss
25 silly packumentCache corgi:https://registry.npmjs.org/@angular%2fcompiler cache-miss
26 silly packumentCache corgi:https://registry.npmjs.org/@angular%2fcore cache-miss
27 silly packumentCache corgi:https://registry.npmjs.org/axios cache-miss
28 silly packumentCache corgi:https://registry.npmjs.org/form-data cache-miss
29 silly packumentCache corgi:https://registry.npmjs.org/git cache-miss
30 silly packumentCache corgi:https://registry.npmjs.org/jspdf cache-miss
31 silly packumentCache corgi:https://registry.npmjs.org/lodash cache-miss
32 silly packumentCache corgi:https://registry.npmjs.org/mime cache-miss
33 silly packumentCache corgi:https://registry.npmjs.org/tar cache-miss
34 silly packumentCache corgi:https://registry.npmjs.org/tmp cache-miss
35 silly packumentCache corgi:https://registry.npmjs.org/undici cache-miss
36 silly packumentCache corgi:https://registry.npmjs.org/brace-expansion cache-miss
37 silly packumentCache corgi:https://registry.npmjs.org/diff cache-miss
38 silly packumentCache corgi:https://registry.npmjs.org/glob cache-miss
39 http fetch GET 200 https://registry.npmjs.org/@angular%2fcommon 233ms (cache revalidated)
40 silly packumentCache corgi:https://registry.npmjs.org/@angular%2fcommon set size:1120328 disposed:false
41 http fetch GET 200 https://registry.npmjs.org/@angular%2fcompiler 299ms (cache revalidated)
42 silly packumentCache corgi:https://registry.npmjs.org/@angular%2fcompiler set size:1096959 disposed:false
43 http fetch GET 200 https://registry.npmjs.org/form-data 348ms (cache revalidated)
44 silly packumentCache corgi:https://registry.npmjs.org/form-data set size:51426 disposed:false
45 http fetch GET 200 https://registry.npmjs.org/lodash 347ms (cache revalidated)
46 silly packumentCache corgi:https://registry.npmjs.org/lodash set size:68481 disposed:false
47 http fetch GET 200 https://registry.npmjs.org/mime 348ms (cache revalidated)
48 silly packumentCache corgi:https://registry.npmjs.org/mime set size:48115 disposed:false
49 http fetch GET 200 https://registry.npmjs.org/undici 397ms (cache revalidated)
50 silly packumentCache corgi:https://registry.npmjs.org/undici set size:406753 disposed:false
51 http fetch GET 200 https://registry.npmjs.org/diff 402ms (cache revalidated)
52 silly packumentCache corgi:https://registry.npmjs.org/diff set size:65404 disposed:false
53 http fetch GET 200 https://registry.npmjs.org/axios 417ms (cache revalidated)
54 silly packumentCache corgi:https://registry.npmjs.org/axios set size:267100 disposed:false
55 http fetch GET 200 https://registry.npmjs.org/tar 446ms (cache revalidated)
56 silly packumentCache corgi:https://registry.npmjs.org/tar set size:193604 disposed:false
57 http fetch GET 200 https://registry.npmjs.org/@angular%2fcore 461ms (cache revalidated)
58 silly packumentCache corgi:https://registry.npmjs.org/@angular%2fcore set size:1120522 disposed:false
59 http fetch GET 200 https://registry.npmjs.org/brace-expansion 479ms (cache revalidated)
60 silly packumentCache corgi:https://registry.npmjs.org/brace-expansion set size:16192 disposed:false
61 http fetch GET 200 https://registry.npmjs.org/tmp 482ms (cache revalidated)
62 silly packumentCache corgi:https://registry.npmjs.org/tmp set size:23979 disposed:false
63 http fetch GET 200 https://registry.npmjs.org/jspdf 507ms (cache updated)
64 silly packumentCache corgi:https://registry.npmjs.org/jspdf set size:undefined disposed:false
65 http fetch GET 200 https://registry.npmjs.org/nodemailer/-/nodemailer-7.0.13.tgz 1157ms (cache miss)
66 http fetch GET 200 https://registry.npmjs.org/glob 1414ms (cache revalidated)
67 silly packumentCache corgi:https://registry.npmjs.org/glob set size:159574 disposed:false
68 http fetch GET 200 https://registry.npmjs.org/git 1431ms (cache revalidated)
69 silly packumentCache corgi:https://registry.npmjs.org/git set size:3890 disposed:false
70 silly packumentCache corgi:https://registry.npmjs.org/@angular%2ffire cache-miss
71 silly packumentCache corgi:https://registry.npmjs.org/@angular%2fplatform-browser cache-miss
72 silly packumentCache corgi:https://registry.npmjs.org/@angular%2fplatform-browser-dynamic cache-miss
73 http fetch GET 200 https://registry.npmjs.org/@angular%2fplatform-browser-dynamic 101ms (cache revalidated)
74 silly packumentCache corgi:https://registry.npmjs.org/@angular%2fplatform-browser-dynamic set size:1254013 disposed:false
75 http fetch GET 200 https://registry.npmjs.org/@angular%2fplatform-browser 125ms (cache revalidated)
76 silly packumentCache corgi:https://registry.npmjs.org/@angular%2fplatform-browser set size:1225829 disposed:false
77 http fetch GET 200 https://registry.npmjs.org/@angular%2ffire 161ms (cache revalidated)
78 silly packumentCache corgi:https://registry.npmjs.org/@angular%2ffire set size:592101 disposed:false
79 silly packumentCache corgi:https://registry.npmjs.org/inquirer cache-miss
80 http fetch GET 200 https://registry.npmjs.org/inquirer 68ms (cache revalidated)
81 silly packumentCache corgi:https://registry.npmjs.org/inquirer set size:255519 disposed:false
82 silly packumentCache corgi:https://registry.npmjs.org/cacache cache-miss
83 silly packumentCache corgi:https://registry.npmjs.org/node-gyp cache-miss
84 silly packumentCache corgi:https://registry.npmjs.org/npm cache-miss
85 silly packumentCache corgi:https://registry.npmjs.org/libnpmdiff cache-miss
86 silly packumentCache corgi:https://registry.npmjs.org/pacote cache-miss
87 http fetch GET 200 https://registry.npmjs.org/libnpmdiff 90ms (cache revalidated)
88 silly packumentCache corgi:https://registry.npmjs.org/libnpmdiff set size:101115 disposed:false
89 http fetch GET 200 https://registry.npmjs.org/cacache 101ms (cache revalidated)
90 silly packumentCache corgi:https://registry.npmjs.org/cacache set size:155668 disposed:false
91 http fetch GET 200 https://registry.npmjs.org/npm 110ms (cache revalidated)
92 silly packumentCache corgi:https://registry.npmjs.org/npm set size:2339500 disposed:false
93 http fetch GET 200 https://registry.npmjs.org/node-gyp 154ms (cache revalidated)
94 silly packumentCache corgi:https://registry.npmjs.org/node-gyp set size:157353 disposed:false
95 http fetch GET 200 https://registry.npmjs.org/pacote 157ms (cache revalidated)
96 silly packumentCache corgi:https://registry.npmjs.org/pacote set size:390162 disposed:false
97 silly packumentCache corgi:https://registry.npmjs.org/external-editor cache-miss
98 http fetch GET 200 https://registry.npmjs.org/external-editor 91ms (cache revalidated)
99 silly packumentCache corgi:https://registry.npmjs.org/external-editor set size:17808 disposed:false
100 silly packumentCache corgi:https://registry.npmjs.org/@firebase%2fauth cache-miss
101 silly packumentCache corgi:https://registry.npmjs.org/@firebase%2fauth-compat cache-miss
102 silly packumentCache corgi:https://registry.npmjs.org/@firebase%2ffirestore cache-miss
103 silly packumentCache corgi:https://registry.npmjs.org/@firebase%2ffunctions cache-miss
104 silly packumentCache corgi:https://registry.npmjs.org/@firebase%2fstorage cache-miss
105 http fetch GET 200 https://registry.npmjs.org/@firebase%2fstorage 127ms (cache revalidated)
106 silly packumentCache corgi:https://registry.npmjs.org/@firebase%2fstorage set size:6439553 disposed:false
107 http fetch GET 200 https://registry.npmjs.org/@firebase%2fauth-compat 232ms (cache revalidated)
108 silly packumentCache corgi:https://registry.npmjs.org/@firebase%2fauth-compat set size:2359081 disposed:false
109 http fetch GET 200 https://registry.npmjs.org/@firebase%2ffunctions 278ms (cache revalidated)
110 silly packumentCache corgi:https://registry.npmjs.org/@firebase%2ffunctions set size:6778371 disposed:false
111 http fetch GET 200 https://registry.npmjs.org/@firebase%2ffirestore 403ms (cache revalidated)
112 silly packumentCache corgi:https://registry.npmjs.org/@firebase%2ffirestore set size:8908784 disposed:false
113 http fetch GET 200 https://registry.npmjs.org/@firebase%2fauth 555ms (cache revalidated)
114 silly packumentCache corgi:https://registry.npmjs.org/@firebase%2fauth set size:6256302 disposed:false
115 silly packumentCache corgi:https://registry.npmjs.org/minimatch cache-miss
116 http fetch GET 200 https://registry.npmjs.org/minimatch 72ms (cache revalidated)
117 silly packumentCache corgi:https://registry.npmjs.org/minimatch set size:145311 disposed:false
118 silly packumentCache corgi:https://registry.npmjs.org/@npmcli%2fmap-workspaces cache-miss
119 silly packumentCache corgi:https://registry.npmjs.org/@npmcli%2fpackage-json cache-miss
120 silly packumentCache corgi:https://registry.npmjs.org/rimraf cache-miss
121 http fetch GET 200 https://registry.npmjs.org/rimraf 82ms (cache revalidated)
122 silly packumentCache corgi:https://registry.npmjs.org/rimraf set size:86967 disposed:false
123 http fetch GET 200 https://registry.npmjs.org/@npmcli%2fmap-workspaces 91ms (cache revalidated)
124 silly packumentCache corgi:https://registry.npmjs.org/@npmcli%2fmap-workspaces set size:36677 disposed:false
125 http fetch GET 200 https://registry.npmjs.org/@npmcli%2fpackage-json 118ms (cache revalidated)
126 silly packumentCache corgi:https://registry.npmjs.org/@npmcli%2fpackage-json set size:30570 disposed:false
127 silly packumentCache corgi:https://registry.npmjs.org/@npmcli%2farborist cache-miss
128 silly packumentCache corgi:https://registry.npmjs.org/@npmcli%2fmetavuln-calculator cache-miss
129 silly packumentCache corgi:https://registry.npmjs.org/libnpmexec cache-miss
130 silly packumentCache corgi:https://registry.npmjs.org/libnpmpack cache-miss
131 http fetch GET 200 https://registry.npmjs.org/libnpmpack 92ms (cache revalidated)
132 silly packumentCache corgi:https://registry.npmjs.org/libnpmpack set size:95043 disposed:false
133 http fetch GET 200 https://registry.npmjs.org/@npmcli%2fmetavuln-calculator 100ms (cache revalidated)
134 silly packumentCache corgi:https://registry.npmjs.org/@npmcli%2fmetavuln-calculator set size:36140 disposed:false
135 http fetch GET 200 https://registry.npmjs.org/libnpmexec 102ms (cache revalidated)
136 silly packumentCache corgi:https://registry.npmjs.org/libnpmexec set size:142820 disposed:false
137 http fetch GET 200 https://registry.npmjs.org/@npmcli%2farborist 414ms (cache revalidated)
138 silly packumentCache corgi:https://registry.npmjs.org/@npmcli%2farborist set size:486310 disposed:false
139 silly packumentCache corgi:https://registry.npmjs.org/@firebase%2fstorage-compat cache-miss
140 silly packumentCache corgi:https://registry.npmjs.org/firebase cache-miss
141 http fetch GET 200 https://registry.npmjs.org/@firebase%2fstorage-compat 420ms (cache revalidated)
142 silly packumentCache corgi:https://registry.npmjs.org/@firebase%2fstorage-compat set size:2183935 disposed:false
143 http fetch GET 200 https://registry.npmjs.org/firebase 1046ms (cache revalidated)
144 silly packumentCache corgi:https://registry.npmjs.org/firebase set size:9714880 disposed:false
145 silly packumentCache corgi:https://registry.npmjs.org/@firebase%2ffunctions-compat cache-miss
146 http fetch GET 200 https://registry.npmjs.org/@firebase%2ffunctions-compat 486ms (cache revalidated)
147 silly packumentCache corgi:https://registry.npmjs.org/@firebase%2ffunctions-compat set size:2174666 disposed:false
148 silly packumentCache corgi:https://registry.npmjs.org/@firebase%2ffirestore-compat cache-miss
149 http fetch GET 200 https://registry.npmjs.org/@firebase%2ffirestore-compat 178ms (cache revalidated)
150 silly packumentCache corgi:https://registry.npmjs.org/@firebase%2ffirestore-compat set size:2424460 disposed:false
151 silly packumentCache corgi:https://registry.npmjs.org/inquirer-autocomplete-prompt cache-miss
152 http fetch GET 200 https://registry.npmjs.org/inquirer-autocomplete-prompt 422ms (cache revalidated)
153 silly packumentCache corgi:https://registry.npmjs.org/inquirer-autocomplete-prompt set size:33138 disposed:false
154 silly ADD node_modules/nodemailer
155 verbose cwd C:\Users\mdans.LAPTOP-U6EG5CI8\OneDrive\Desktop\smartinternz\server
156 verbose os Windows_NT 10.0.26200
157 verbose node v24.11.1
158 verbose npm  v11.6.4
159 verbose exit 0
160 info ok
